2026-02-24 09:28:24,336 - INFO - Módulo STOCK activo.
2026-02-24 09:28:28,222 - INFO - Iniciando STOCK por mbf.andres
2026-02-24 09:28:28,226 - INFO - Entrando al módulo de stock...
2026-02-24 09:28:31,274 - INFO - \U0001f4cc Cabecera: Pedido 123 | Obs: PRUEBA
2026-02-24 09:28:37,674 - INFO - \u23f3 Iniciando ráfaga de ítems...
2026-02-24 09:28:42,012 - INFO - \U0001f4be Guardando y regresando al menú principal...
2026-02-24 09:28:44,825 - INFO - \u274c Error crítico: PyAutoGUI fail-safe triggered from mouse moving to a corner of the screen. To disable this fail-safe, set pyautogui.FAILSAFE to False. DISABLING FAIL-SAFE IS NOT RECOMMENDED.
2026-02-24 09:31:09,568 - INFO - Módulo STOCK activo.
2026-02-24 09:31:13,372 - INFO - Iniciando STOCK por mbf.andres
2026-02-24 09:31:13,377 - INFO - Entrando al módulo de stock...
2026-02-24 09:31:16,421 - INFO - \U0001f4cc Cabecera: Pedido 123 | Obs: PRUEBA
2026-02-24 09:31:22,811 - INFO - \u23f3 Iniciando ráfaga de ítems...
2026-02-24 09:31:25,353 - INFO - \u25b6\ufe0f SKU 9993 cargado.
2026-02-24 09:31:27,908 - INFO - \u25b6\ufe0f SKU 9994 cargado.
2026-02-24 09:31:29,389 - INFO - \u26a0\ufe0f Error en fila 3: PyAutoGUI fail-safe triggered from mouse moving to a corner of the screen. To disable this fail-safe, set pyautogui.FAILSAFE to False. DISABLING FAIL-SAFE IS NOT RECOMMENDED.
2026-02-24 09:31:29,427 - INFO - \U0001f4be Guardando y regresando al menú principal...
2026-02-24 09:31:29,439 - INFO - \u274c Error crítico: PyAutoGUI fail-safe triggered from mouse moving to a corner of the screen. To disable this fail-safe, set pyautogui.FAILSAFE to False. DISABLING FAIL-SAFE IS NOT RECOMMENDED.
2026-02-24 09:33:34,267 - INFO - Módulo STOCK activo.
2026-02-24 09:33:40,476 - INFO - Iniciando STOCK por mbf.andres
2026-02-24 09:33:40,482 - INFO - Entrando al módulo de stock (3-6-1)...
2026-02-24 09:33:43,524 - INFO - \U0001f4cc Cabecera: Pedido 123 | Obs: PRUEBA | Lista IM
2026-02-24 09:33:49,927 - INFO - \u23f3 Iniciando ráfaga de ítems...
2026-02-24 09:33:51,204 - INFO - \u2705 Fila 1: SKU 9993 (Modo U)
2026-02-24 09:33:52,646 - INFO - \u2705 Fila 2: SKU 9994 (Modo U)
2026-02-24 09:33:52,817 - INFO - \u274c Error en fila 3: PyAutoGUI fail-safe triggered from mouse moving to a corner of the screen. To disable this fail-safe, set pyautogui.FAILSAFE to False. DISABLING FAIL-SAFE IS NOT RECOMMENDED.
2026-02-24 09:33:52,864 - INFO - \U0001f4be Guardando y regresando al menú principal...
2026-02-24 09:33:52,871 - INFO - \u274c Error crítico: PyAutoGUI fail-safe triggered from mouse moving to a corner of the screen. To disable this fail-safe, set pyautogui.FAILSAFE to False. DISABLING FAIL-SAFE IS NOT RECOMMENDED.
2026-02-24 09:35:28,850 - INFO - Módulo STOCK activo.
2026-02-24 09:36:15,897 - INFO - Iniciando STOCK por mbf.andres
2026-02-24 09:36:15,904 - INFO - Entrando al módulo de stock (3-6-1)...
2026-02-24 09:36:18,960 - INFO - \U0001f4cc Cabecera: Pedido 123 | Obs: PRUEBA
2026-02-24 09:36:25,359 - INFO - \u23f3 Iniciando ráfaga de ítems...
2026-02-24 09:36:27,091 - INFO - \u2705 Fila 1: SKU 9993 cargado.
2026-02-24 09:36:28,834 - INFO - \u2705 Fila 2: SKU 9994 cargado.
2026-02-24 09:36:29,527 - INFO - \u274c Error en fila 3: PyAutoGUI fail-safe triggered from mouse moving to a corner of the screen. To disable this fail-safe, set pyautogui.FAILSAFE to False. DISABLING FAIL-SAFE IS NOT RECOMMENDED.
2026-02-24 09:36:29,565 - INFO - \U0001f4be Guardando y regresando al menú principal...
2026-02-24 09:36:29,570 - INFO - \u274c Error crítico: PyAutoGUI fail-safe triggered from mouse moving to a corner of the screen. To disable this fail-safe, set pyautogui.FAILSAFE to False. DISABLING FAIL-SAFE IS NOT RECOMMENDED.
2026-02-24 09:36:48,599 - INFO - Iniciando STOCK por mbf.andres
2026-02-24 09:36:48,608 - INFO - Entrando al módulo de stock (3-6-1)...
2026-02-24 09:36:51,441 - INFO - \u274c Error crítico: PyAutoGUI fail-safe triggered from mouse moving to a corner of the screen. To disable this fail-safe, set pyautogui.FAILSAFE to False. DISABLING FAIL-SAFE IS NOT RECOMMENDED.
2026-02-24 09:36:58,389 - INFO - Iniciando STOCK por mbf.andres
2026-02-24 09:36:58,396 - INFO - Entrando al módulo de stock (3-6-1)...
2026-02-24 09:37:02,642 - INFO - \U0001f4cc Cabecera: Pedido 123 | Obs: PRUEBA
2026-02-24 09:37:11,052 - INFO - \u23f3 Iniciando ráfaga de ítems...
2026-02-24 09:37:13,793 - INFO - \u2705 Fila 1: SKU 9993 cargado.
2026-02-24 09:37:14,889 - INFO - \u274c Error en fila 2: PyAutoGUI fail-safe triggered from mouse moving to a corner of the screen. To disable this fail-safe, set pyautogui.FAILSAFE to False. DISABLING FAIL-SAFE IS NOT RECOMMENDED.
2026-02-24 09:37:14,911 - INFO - \u274c Error en fila 3: PyAutoGUI fail-safe triggered from mouse moving to a corner of the screen. To disable this fail-safe, set pyautogui.FAILSAFE to False. DISABLING FAIL-SAFE IS NOT RECOMMENDED.
2026-02-24 09:37:14,928 - INFO - \U0001f4be Guardando y regresando al menú principal...
2026-02-24 09:37:14,931 - INFO - \u274c Error crítico: PyAutoGUI fail-safe triggered from mouse moving to a corner of the screen. To disable this fail-safe, set pyautogui.FAILSAFE to False. DISABLING FAIL-SAFE IS NOT RECOMMENDED.
2026-02-24 09:40:05,915 - INFO - Módulo STOCK seleccionado.
2026-02-24 09:40:19,782 - INFO - Ejecutando STOCK...
2026-02-24 09:40:19,784 - INFO - Entrando al módulo de stock (3-6-1)...
2026-02-24 09:40:22,822 - INFO - \U0001f4cc Cabecera: Pedido 123 | Obs: PRUEBA
2026-02-24 09:40:29,217 - INFO - \u23f3 Iniciando ráfaga de ítems...
2026-02-24 09:40:32,663 - INFO - \u2705 Fila 1: SKU 9993 cargado.
2026-02-24 09:40:35,013 - INFO - \u274c Error en fila 2: PyAutoGUI fail-safe triggered from mouse moving to a corner of the screen. To disable this fail-safe, set pyautogui.FAILSAFE to False. DISABLING FAIL-SAFE IS NOT RECOMMENDED.
2026-02-24 09:40:35,033 - INFO - \u274c Error en fila 3: PyAutoGUI fail-safe triggered from mouse moving to a corner of the screen. To disable this fail-safe, set pyautogui.FAILSAFE to False. DISABLING FAIL-SAFE IS NOT RECOMMENDED.
2026-02-24 09:40:35,069 - INFO - \U0001f4be Guardando y regresando al menú principal...
2026-02-24 09:40:35,071 - INFO - \u274c Error crítico: PyAutoGUI fail-safe triggered from mouse moving to a corner of the screen. To disable this fail-safe, set pyautogui.FAILSAFE to False. DISABLING FAIL-SAFE IS NOT RECOMMENDED.
2026-02-24 09:44:08,392 - INFO - Módulo STOCK seleccionado.
2026-02-24 09:44:18,377 - INFO - Ejecutando STOCK...
2026-02-24 09:44:18,381 - INFO - Entrando al módulo de stock (3-6-1)...
2026-02-24 09:44:21,435 - INFO - \U0001f4cc Cabecera: Pedido 123 | Obs: PRUEBA
2026-02-24 09:44:27,832 - INFO - \u23f3 Procesando artículos...
2026-02-24 09:44:31,380 - INFO - \u2705 Fila 1: SKU 9993 | Cant: 10
2026-02-24 09:44:33,121 - INFO - \u274c Error en fila 2: PyAutoGUI fail-safe triggered from mouse moving to a corner of the screen. To disable this fail-safe, set pyautogui.FAILSAFE to False. DISABLING FAIL-SAFE IS NOT RECOMMENDED.
2026-02-24 09:44:33,142 - INFO - \u274c Error en fila 3: PyAutoGUI fail-safe triggered from mouse moving to a corner of the screen. To disable this fail-safe, set pyautogui.FAILSAFE to False. DISABLING FAIL-SAFE IS NOT RECOMMENDED.
2026-02-24 09:44:33,178 - INFO - \U0001f4be Guardando...
2026-02-24 09:44:33,180 - INFO - \u274c Error crítico: PyAutoGUI fail-safe triggered from mouse moving to a corner of the screen. To disable this fail-safe, set pyautogui.FAILSAFE to False. DISABLING FAIL-SAFE IS NOT RECOMMENDED.
2026-02-24 09:47:45,527 - INFO - Módulo STOCK seleccionado.
2026-02-24 09:47:53,529 - INFO - Ejecutando STOCK...
2026-02-24 09:47:53,531 - INFO - Entrando al módulo de stock (3-6-1)...
2026-02-24 09:47:56,583 - INFO - \U0001f4cc Cabecera: Pedido 123 | Obs: PRUEBA
2026-02-24 09:48:02,975 - INFO - \u23f3 Iniciando carga de artículos...
2026-02-24 09:48:05,824 - INFO - \u2705 Fila 1: SKU 9993 | Cant: 10
2026-02-24 09:48:06,525 - INFO - \u274c Error en fila 2: PyAutoGUI fail-safe triggered from mouse moving to a corner of the screen. To disable this fail-safe, set pyautogui.FAILSAFE to False. DISABLING FAIL-SAFE IS NOT RECOMMENDED.
2026-02-24 09:48:06,547 - INFO - \u274c Error en fila 3: PyAutoGUI fail-safe triggered from mouse moving to a corner of the screen. To disable this fail-safe, set pyautogui.FAILSAFE to False. DISABLING FAIL-SAFE IS NOT RECOMMENDED.
2026-02-24 09:48:06,582 - INFO - \U0001f4be Guardando y regresando al menú principal...
2026-02-24 09:48:06,587 - INFO - \u274c Error crítico: PyAutoGUI fail-safe triggered from mouse moving to a corner of the screen. To disable this fail-safe, set pyautogui.FAILSAFE to False. DISABLING FAIL-SAFE IS NOT RECOMMENDED.
2026-02-24 09:49:12,573 - INFO - Módulo STOCK seleccionado.
2026-02-24 09:49:19,546 - INFO - Ejecutando STOCK...
2026-02-24 09:49:19,548 - INFO - Entrando al módulo de stock (3-6-1)...
2026-02-24 09:49:22,601 - INFO - \U0001f4cc Cabecera: Pedido 123 | Obs: PRUEBA
2026-02-24 09:49:28,991 - INFO - \u23f3 Iniciando carga de artículos...
2026-02-24 09:49:31,735 - INFO - \u2705 Fila 1: SKU 9993 | Cant: 10
2026-02-24 09:49:34,190 - INFO - \u274c Error en fila 2: PyAutoGUI fail-safe triggered from mouse moving to a corner of the screen. To disable this fail-safe, set pyautogui.FAILSAFE to False. DISABLING FAIL-SAFE IS NOT RECOMMENDED.
2026-02-24 09:49:34,214 - INFO - \u274c Error en fila 3: PyAutoGUI fail-safe triggered from mouse moving to a corner of the screen. To disable this fail-safe, set pyautogui.FAILSAFE to False. DISABLING FAIL-SAFE IS NOT RECOMMENDED.
2026-02-24 09:49:34,249 - INFO - \U0001f4be Guardando y regresando...
2026-02-24 09:49:34,254 - INFO - \u274c Error crítico: PyAutoGUI fail-safe triggered from mouse moving to a corner of the screen. To disable this fail-safe, set pyautogui.FAILSAFE to False. DISABLING FAIL-SAFE IS NOT RECOMMENDED.
2026-02-24 09:51:56,419 - INFO - Módulo STOCK seleccionado.
2026-02-24 09:51:58,841 - INFO - Ejecutando STOCK...
2026-02-24 09:51:58,844 - INFO - Entrando al módulo de stock (3-6-1)...
2026-02-24 09:52:01,897 - INFO - \U0001f4cc Cabecera: Pedido 123 | Obs: PRUEBA
2026-02-24 09:52:08,301 - INFO - \u23f3 Iniciando carga con método de ventana emergente...
2026-02-24 09:52:11,141 - INFO - \u274c Error en fila 1: PyAutoGUI fail-safe triggered from mouse moving to a corner of the screen. To disable this fail-safe, set pyautogui.FAILSAFE to False. DISABLING FAIL-SAFE IS NOT RECOMMENDED.
2026-02-24 09:52:11,164 - INFO - \u274c Error en fila 2: PyAutoGUI fail-safe triggered from mouse moving to a corner of the screen. To disable this fail-safe, set pyautogui.FAILSAFE to False. DISABLING FAIL-SAFE IS NOT RECOMMENDED.
2026-02-24 09:52:11,182 - INFO - \u274c Error en fila 3: PyAutoGUI fail-safe triggered from mouse moving to a corner of the screen. To disable this fail-safe, set pyautogui.FAILSAFE to False. DISABLING FAIL-SAFE IS NOT RECOMMENDED.
2026-02-24 09:52:11,215 - INFO - \U0001f4be Guardando y regresando...
2026-02-24 09:52:11,217 - INFO - \u274c Error crítico: PyAutoGUI fail-safe triggered from mouse moving to a corner of the screen. To disable this fail-safe, set pyautogui.FAILSAFE to False. DISABLING FAIL-SAFE IS NOT RECOMMENDED.
2026-02-24 09:56:52,978 - INFO - Módulo STOCK seleccionado.
2026-02-24 09:57:01,931 - INFO - Ejecutando STOCK...
2026-02-24 09:57:01,934 - INFO - Entrando al módulo de stock (3-6-1)...
2026-02-24 09:57:04,992 - INFO - \U0001f4cc Cabecera Detectada -> Pedido: 123 | Obs: PRUEBA | Imp: IM
2026-02-24 09:57:11,385 - INFO - \u23f3 Iniciando carga de artículos...
2026-02-24 09:57:11,387 - INFO - \u25b6\ufe0f Procesando: SKU 9993 | Cant: 10
2026-02-24 09:57:15,358 - INFO - \u25b6\ufe0f Procesando: SKU 9994 | Cant: 20
2026-02-24 09:57:19,009 - INFO - \u274c Error en fila 2: PyAutoGUI fail-safe triggered from mouse moving to a corner of the screen. To disable this fail-safe, set pyautogui.FAILSAFE to False. DISABLING FAIL-SAFE IS NOT RECOMMENDED.
2026-02-24 09:57:19,028 - INFO - \u25b6\ufe0f Procesando: SKU 9995 | Cant: 30
2026-02-24 09:57:19,031 - INFO - \u274c Error en fila 3: PyAutoGUI fail-safe triggered from mouse moving to a corner of the screen. To disable this fail-safe, set pyautogui.FAILSAFE to False. DISABLING FAIL-SAFE IS NOT RECOMMENDED.
2026-02-24 09:57:19,071 - INFO - \U0001f4be Guardando y regresando al menú principal...
2026-02-24 09:57:19,072 - INFO - \u274c Error crítico: PyAutoGUI fail-safe triggered from mouse moving to a corner of the screen. To disable this fail-safe, set pyautogui.FAILSAFE to False. DISABLING FAIL-SAFE IS NOT RECOMMENDED.
2026-02-24 09:59:12,668 - INFO - Módulo STOCK seleccionado.
2026-02-24 09:59:24,782 - INFO - Ejecutando STOCK...
2026-02-24 09:59:27,837 - INFO - \U0001f4cc Cabecera: 123 | PRUEBA
2026-02-24 09:59:35,654 - INFO - \u2705 SKU 9993 cargado.
2026-02-24 09:59:37,099 - INFO - \u2705 SKU 9994 cargado.
2026-02-24 09:59:37,441 - INFO - \u274c Error crítico: PyAutoGUI fail-safe triggered from mouse moving to a corner of the screen. To disable this fail-safe, set pyautogui.FAILSAFE to False. DISABLING FAIL-SAFE IS NOT RECOMMENDED.
2026-02-24 09:59:37,450 - INFO - \u274c Error crítico: [WinError 32] El proceso no tiene acceso al archivo porque está siendo utilizado por otro proceso: 'C:/Users/HP/Desktop/Suite/input/PRUEBA_CARGA.xlsx'
2026-02-24 10:01:44,560 - INFO - Módulo STOCK seleccionado.
2026-02-24 10:01:51,664 - INFO - Ejecutando STOCK...
2026-02-24 10:01:54,718 - INFO - \U0001f4cc Cabecera: 123 | PRUEBA
2026-02-24 10:02:02,535 - INFO - \u2705 SKU 9993 cargado.
2026-02-24 10:02:03,983 - INFO - \u2705 SKU 9994 cargado.
2026-02-24 10:02:04,004 - INFO - \u274c Error crítico: PyAutoGUI fail-safe triggered from mouse moving to a corner of the screen. To disable this fail-safe, set pyautogui.FAILSAFE to False. DISABLING FAIL-SAFE IS NOT RECOMMENDED.
2026-02-24 10:02:04,009 - INFO - \u274c Error crítico: [WinError 32] El proceso no tiene acceso al archivo porque está siendo utilizado por otro proceso: 'C:/Users/HP/Desktop/Suite/input/PRUEBA_CARGA.xlsx'
2026-02-24 10:03:02,414 - INFO - Módulo STOCK seleccionado.
2026-02-24 10:03:10,163 - INFO - Ejecutando STOCK...
2026-02-24 10:03:13,219 - INFO - \U0001f4cc Cabecera: 123 | PRUEBA
2026-02-24 10:03:20,111 - INFO - Navegando SKU 9993...
2026-02-24 10:03:23,034 - INFO - \u2705 SKU 9993 cargado.
2026-02-24 10:03:23,565 - INFO - Navegando SKU 9994...
2026-02-24 10:03:25,669 - INFO - \u274c Error crítico: PyAutoGUI fail-safe triggered from mouse moving to a corner of the screen. To disable this fail-safe, set pyautogui.FAILSAFE to False. DISABLING FAIL-SAFE IS NOT RECOMMENDED.
2026-02-24 10:03:29,850 - INFO - \u2705 Archivo movido a: C:\Users\HP\Desktop\Suite\procesados\stock\PRUEBA_CARGA.xlsx
2026-02-24 10:06:21,487 - INFO - Módulo STOCK seleccionado.
2026-02-24 10:06:29,698 - INFO - Ejecutando STOCK...
2026-02-24 10:06:29,701 - INFO - Entrando al módulo de stock (3-6-1)...
2026-02-24 10:06:32,753 - INFO - \U0001f4cc Cabecera Detectada: Pedido 123 | Obs: PRUEBA
2026-02-24 10:06:39,151 - INFO - \u23f3 Iniciando carga (Nueva secuencia de 2 ENTERS)...
2026-02-24 10:06:41,491 - INFO - \u2705 SKU 9993 cargado (Cant: 10)
2026-02-24 10:06:43,391 - INFO - \u274c Error en fila 2: PyAutoGUI fail-safe triggered from mouse moving to a corner of the screen. To disable this fail-safe, set pyautogui.FAILSAFE to False. DISABLING FAIL-SAFE IS NOT RECOMMENDED.
2026-02-24 10:06:43,411 - INFO - \u274c Error en fila 3: PyAutoGUI fail-safe triggered from mouse moving to a corner of the screen. To disable this fail-safe, set pyautogui.FAILSAFE to False. DISABLING FAIL-SAFE IS NOT RECOMMENDED.
2026-02-24 10:06:43,444 - INFO - \U0001f4be Guardando y regresando...
2026-02-24 10:06:43,446 - INFO - \u274c Error crítico: PyAutoGUI fail-safe triggered from mouse moving to a corner of the screen. To disable this fail-safe, set pyautogui.FAILSAFE to False. DISABLING FAIL-SAFE IS NOT RECOMMENDED.
2026-02-24 10:08:30,596 - INFO - Módulo STOCK seleccionado.
2026-02-24 10:08:44,006 - INFO - Ejecutando STOCK...
2026-02-24 10:08:44,009 - INFO - Entrando al módulo de stock (3-6-1)...
2026-02-24 10:08:47,066 - INFO - \U0001f4cc Cabecera: Pedido 123 | Obs: PRUEBA
2026-02-24 10:08:53,454 - INFO - \u23f3 Iniciando ráfaga de carga...
2026-02-24 10:08:54,986 - INFO - \u2705 Cargado: SKU 9993
2026-02-24 10:08:56,531 - INFO - \u2705 Cargado: SKU 9994
2026-02-24 10:08:58,077 - INFO - \u2705 Cargado: SKU 9995
2026-02-24 10:08:58,115 - INFO - \U0001f4be Todos los artículos cargados. Guardando...
2026-02-24 10:09:04,175 - INFO - \U0001f3c1 Proceso finalizado con éxito.
2026-02-24 10:09:05,597 - INFO - \u2705 Archivo movido a: C:\Users\HP\Desktop\Suite\procesados\stock\PRUEBA_CARGA.xlsx
2026-02-24 10:10:27,516 - INFO - Módulo AJUSTE seleccionado.
2026-02-24 10:10:46,828 - INFO - Ejecutando AJUSTE...
2026-02-24 10:10:46,831 - INFO - Entrando al módulo de Ajuste de Stock (3-6-2)...
2026-02-24 10:10:49,890 - INFO - \U0001f4cc Cabecera Ajuste: Doc 123 | Motivo: PRUEBA
2026-02-24 10:10:54,049 - INFO - \u23f3 Iniciando ráfaga de ajustes...
2026-02-24 10:10:55,585 - INFO - \u2705 Ajustado: SKU 9993 (Cant: -10)
2026-02-24 10:10:55,927 - INFO - \u274c Error en fila 2: PyAutoGUI fail-safe triggered from mouse moving to a corner of the screen. To disable this fail-safe, set pyautogui.FAILSAFE to False. DISABLING FAIL-SAFE IS NOT RECOMMENDED.
2026-02-24 10:10:55,947 - INFO - \u274c Error en fila 3: PyAutoGUI fail-safe triggered from mouse moving to a corner of the screen. To disable this fail-safe, set pyautogui.FAILSAFE to False. DISABLING FAIL-SAFE IS NOT RECOMMENDED.
2026-02-24 10:10:55,982 - INFO - \U0001f4be Finalizando carga. Guardando ajuste...
2026-02-24 10:10:55,984 - INFO - \u274c Error crítico: PyAutoGUI fail-safe triggered from mouse moving to a corner of the screen. To disable this fail-safe, set pyautogui.FAILSAFE to False. DISABLING FAIL-SAFE IS NOT RECOMMENDED.
2026-02-24 10:19:10,028 - INFO - Módulo AJUSTE seleccionado.
2026-02-24 10:19:21,121 - INFO - Ejecutando AJUSTE...
2026-02-24 10:19:21,125 - INFO - Entrando al módulo de Ajuste (3-6-2)...
2026-02-24 10:19:24,181 - INFO - \U0001f4cc Cabecera: Doc 123 | Motivo: PRUEBA | Tipo: AS
2026-02-24 10:19:30,582 - INFO - \u23f3 Iniciando carga de ítems...
2026-02-24 10:19:32,120 - INFO - \u2705 Ajustado: 9993 | Cant: -10
2026-02-24 10:19:33,670 - INFO - \u2705 Ajustado: 9994 | Cant: -20
2026-02-24 10:19:35,217 - INFO - \u2705 Ajustado: 9995 | Cant: -30
2026-02-24 10:19:35,252 - INFO - \U0001f4be Guardando y saliendo...
2026-02-24 10:19:41,316 - INFO - \U0001f3c1 Ajuste finalizado con éxito.
2026-02-24 10:19:41,322 - INFO - \u274c Error crítico: [WinError 32] El proceso no tiene acceso al archivo porque está siendo utilizado por otro proceso: 'C:/Users/HP/Desktop/Suite/input/PRUEBA_AJUSTE.xlsx'
2026-02-24 10:20:32,273 - INFO - Módulo PRECIOS seleccionado.
2026-02-24 10:20:37,679 - INFO - Ejecutando PRECIOS...
2026-02-24 10:20:37,697 - INFO - \U0001f4b0 Iniciando Módulo de Precios (3-4-2)...
2026-02-24 10:20:40,136 - INFO - \U0001f504 SKU 9993: Costo 100000.00 | Salón 117000.00 | Mayo 105000.00 (u)
2026-02-24 10:20:44,090 - INFO - \U0001f504 SKU 9994: Costo 200000.00 | Salón 234000.00 | Mayo 210000.00 (u)
2026-02-24 10:20:48,048 - INFO - \U0001f504 SKU 9995: Costo 300000.00 | Salón 351000.00 | Mayo 315000.00 (u)
2026-02-24 10:20:52,041 - INFO - \U0001f9f9 Limpiando y regresando al menú principal...
2026-02-24 10:20:55,556 - INFO - \u2705 Cambio de precios finalizado con éxito.
2026-02-24 10:20:58,952 - INFO - \u2705 Archivo movido a: C:\Users\HP\Desktop\Suite\procesados\precios\PRUEBA_PRECIOS.xlsx
2026-02-24 10:27:55,588 - INFO - Módulo PRECIOS seleccionado.
2026-02-24 10:28:06,636 - INFO - Ejecutando PRECIOS...
2026-02-24 10:28:06,670 - INFO - \U0001f4b0 Iniciando Módulo de Precios (3-4-2)...
2026-02-24 10:28:10,006 - INFO - \U0001f504 SKU 9993: Procesando precios...
2026-02-24 10:28:11,854 - INFO - \u26a0\ufe0f Error en fila 1: PyAutoGUI fail-safe triggered from mouse moving to a corner of the screen. To disable this fail-safe, set pyautogui.FAILSAFE to False. DISABLING FAIL-SAFE IS NOT RECOMMENDED.
2026-02-24 10:28:11,876 - INFO - \U0001f504 SKU 9994: Procesando precios...
2026-02-24 10:28:11,879 - INFO - \u26a0\ufe0f Error en fila 2: PyAutoGUI fail-safe triggered from mouse moving to a corner of the screen. To disable this fail-safe, set pyautogui.FAILSAFE to False. DISABLING FAIL-SAFE IS NOT RECOMMENDED.
2026-02-24 10:28:11,898 - INFO - \U0001f504 SKU 9995: Procesando precios...
2026-02-24 10:28:11,900 - INFO - \u26a0\ufe0f Error en fila 3: PyAutoGUI fail-safe triggered from mouse moving to a corner of the screen. To disable this fail-safe, set pyautogui.FAILSAFE to False. DISABLING FAIL-SAFE IS NOT RECOMMENDED.
2026-02-24 10:28:11,949 - INFO - \U0001f9f9 Finalizado. Regresando al menú inicial...
2026-02-24 10:28:12,957 - INFO - \u274c Error crítico: PyAutoGUI fail-safe triggered from mouse moving to a corner of the screen. To disable this fail-safe, set pyautogui.FAILSAFE to False. DISABLING FAIL-SAFE IS NOT RECOMMENDED.
2026-02-24 10:29:41,240 - INFO - Módulo PRECIOS seleccionado.
2026-02-24 10:29:48,340 - INFO - Ejecutando PRECIOS...
2026-02-24 10:29:48,378 - INFO - \U0001f4b0 Iniciando Módulo de Precios (3-4-2)...
2026-02-24 10:29:51,717 - INFO - \U0001f504 Procesando SKU 9993...
2026-02-24 10:29:53,242 - INFO - \u26a0\ufe0f Error en SKU 9993: PyAutoGUI fail-safe triggered from mouse moving to a corner of the screen. To disable this fail-safe, set pyautogui.FAILSAFE to False. DISABLING FAIL-SAFE IS NOT RECOMMENDED.
2026-02-24 10:29:53,267 - INFO - \U0001f504 Procesando SKU 9994...
2026-02-24 10:29:53,270 - INFO - \u26a0\ufe0f Error en SKU 9994: PyAutoGUI fail-safe triggered from mouse moving to a corner of the screen. To disable this fail-safe, set pyautogui.FAILSAFE to False. DISABLING FAIL-SAFE IS NOT RECOMMENDED.
2026-02-24 10:29:53,290 - INFO - \U0001f504 Procesando SKU 9995...
2026-02-24 10:29:53,293 - INFO - \u26a0\ufe0f Error en SKU 9995: PyAutoGUI fail-safe triggered from mouse moving to a corner of the screen. To disable this fail-safe, set pyautogui.FAILSAFE to False. DISABLING FAIL-SAFE IS NOT RECOMMENDED.
2026-02-24 10:29:53,345 - INFO - \U0001f9f9 Finalizado. Regresando al menú inicial...
2026-02-24 10:29:54,352 - INFO - \u274c Error crítico: PyAutoGUI fail-safe triggered from mouse moving to a corner of the screen. To disable this fail-safe, set pyautogui.FAILSAFE to False. DISABLING FAIL-SAFE IS NOT RECOMMENDED.
2026-02-24 10:31:19,942 - INFO - Módulo PRECIOS seleccionado.
2026-02-24 10:31:27,656 - INFO - Ejecutando PRECIOS...
2026-02-24 10:31:27,691 - INFO - \U0001f4b0 Iniciando Módulo de Precios (3-4-2)...
2026-02-24 10:31:30,122 - INFO - \U0001f504 SKU 9993: Costo 100000.00 | Salón 117000.00 | Mayo 105000.00 (u)
2026-02-24 10:31:34,078 - INFO - \U0001f504 SKU 9994: Costo 200000.00 | Salón 234000.00 | Mayo 210000.00 (u)
2026-02-24 10:31:38,028 - INFO - \U0001f504 SKU 9995: Costo 300000.00 | Salón 351000.00 | Mayo 315000.00 (u)
2026-02-24 10:31:42,012 - INFO - \U0001f9f9 Limpiando y regresando al menú principal...
2026-02-24 10:31:44,736 - INFO - \u2705 Cambio de precios finalizado con éxito.
2026-02-24 10:31:45,883 - INFO - \u2705 Archivo movido a: C:\Users\HP\Desktop\Suite\procesados\precios\PRUEBA_PRECIOS.xlsx
2026-02-24 10:34:28,198 - INFO - Módulo PRECIOS seleccionado.
2026-02-24 10:34:39,399 - INFO - Ejecutando PRECIOS...
2026-02-24 10:34:39,438 - INFO - \U0001f4b0 Iniciando Módulo de Precios (3-4-2)...
2026-02-24 10:34:42,780 - INFO - \U0001f504 Procesando SKU 9993...
2026-02-24 10:34:44,632 - INFO - \u26a0\ufe0f Error en SKU 9993: PyAutoGUI fail-safe triggered from mouse moving to a corner of the screen. To disable this fail-safe, set pyautogui.FAILSAFE to False. DISABLING FAIL-SAFE IS NOT RECOMMENDED.
2026-02-24 10:34:44,655 - INFO - \U0001f504 Procesando SKU 9994...
2026-02-24 10:34:44,658 - INFO - \u26a0\ufe0f Error en SKU 9994: PyAutoGUI fail-safe triggered from mouse moving to a corner of the screen. To disable this fail-safe, set pyautogui.FAILSAFE to False. DISABLING FAIL-SAFE IS NOT RECOMMENDED.
2026-02-24 10:34:44,676 - INFO - \U0001f504 Procesando SKU 9995...
2026-02-24 10:34:44,679 - INFO - \u26a0\ufe0f Error en SKU 9995: PyAutoGUI fail-safe triggered from mouse moving to a corner of the screen. To disable this fail-safe, set pyautogui.FAILSAFE to False. DISABLING FAIL-SAFE IS NOT RECOMMENDED.
2026-02-24 10:34:44,727 - INFO - \U0001f9f9 Limpiando y regresando al menú principal...
2026-02-24 10:34:45,736 - INFO - \u274c Error crítico: PyAutoGUI fail-safe triggered from mouse moving to a corner of the screen. To disable this fail-safe, set pyautogui.FAILSAFE to False. DISABLING FAIL-SAFE IS NOT RECOMMENDED.
2026-02-24 10:36:15,485 - INFO - Módulo PRECIOS seleccionado.
2026-02-24 10:36:21,581 - INFO - Ejecutando PRECIOS...
2026-02-24 10:36:21,619 - INFO - \U0001f4b0 Iniciando Módulo de Precios (3-4-2)...
2026-02-24 10:36:24,049 - INFO - \U0001f504 SKU 9993...
2026-02-24 10:36:28,001 - INFO - \U0001f504 SKU 9994...
2026-02-24 10:36:32,542 - INFO - \U0001f504 SKU 9995...
2026-02-24 10:36:36,519 - INFO - \U0001f9f9 Limpiando y regresando al menú principal...
2026-02-24 10:36:39,242 - INFO - \u2705 Cambio de precios finalizado con éxito.
2026-02-24 10:36:40,739 - INFO - \u2705 Archivo movido a: C:\Users\HP\Desktop\Suite\procesados\precios\PRUEBA_PRECIOS.xlsx
2026-02-24 10:55:17,632 - INFO - Módulo STOCK seleccionado.
2026-02-24 10:55:35,723 - INFO - Ejecutando STOCK...
2026-02-24 10:55:35,725 - INFO - Entrando al módulo de stock (3-6-1)...
2026-02-24 10:55:38,783 - INFO - \U0001f4cc Cabecera: Pedido 24022026 | Obs: SANTIAGUEÑA
2026-02-24 10:55:45,217 - INFO - \u23f3 Iniciando ráfaga de carga...
2026-02-24 10:55:46,753 - INFO - \u2705 Cargado: SKU 1520
2026-02-24 10:55:48,298 - INFO - \u2705 Cargado: SKU 15201
2026-02-24 10:55:49,851 - INFO - \u2705 Cargado: SKU 1523
2026-02-24 10:55:51,401 - INFO - \u2705 Cargado: SKU 1519
2026-02-24 10:55:51,444 - INFO - \U0001f4be Todos los artículos cargados. Guardando...
2026-02-24 10:55:57,519 - INFO - \U0001f3c1 Proceso finalizado con éxito.
2026-02-24 10:55:59,165 - INFO - \u2705 Archivo movido a: C:\Users\HP\Desktop\Suite\procesados\stock\santiagueña carga1.xlsx
2026-02-24 10:56:39,820 - INFO - Módulo STOCK seleccionado.
2026-02-24 10:56:54,134 - INFO - Ejecutando STOCK...
2026-02-24 10:56:54,138 - INFO - Entrando al módulo de stock (3-6-1)...
2026-02-24 10:56:57,169 - INFO - \U0001f4cc Cabecera: Pedido 2242026 | Obs: FARGO
2026-02-24 10:57:03,561 - INFO - \u23f3 Iniciando ráfaga de carga...
2026-02-24 10:57:05,085 - INFO - \u2705 Cargado: SKU 4535
2026-02-24 10:57:06,232 - INFO - \u274c Error en fila 2: PyAutoGUI fail-safe triggered from mouse moving to a corner of the screen. To disable this fail-safe, set pyautogui.FAILSAFE to False. DISABLING FAIL-SAFE IS NOT RECOMMENDED.
2026-02-24 10:57:06,252 - INFO - \u274c Error en fila 3: PyAutoGUI fail-safe triggered from mouse moving to a corner of the screen. To disable this fail-safe, set pyautogui.FAILSAFE to False. DISABLING FAIL-SAFE IS NOT RECOMMENDED.
2026-02-24 10:57:06,271 - INFO - \u274c Error en fila 4: PyAutoGUI fail-safe triggered from mouse moving to a corner of the screen. To disable this fail-safe, set pyautogui.FAILSAFE to False. DISABLING FAIL-SAFE IS NOT RECOMMENDED.
2026-02-24 10:57:06,290 - INFO - \u274c Error en fila 5: PyAutoGUI fail-safe triggered from mouse moving to a corner of the screen. To disable this fail-safe, set pyautogui.FAILSAFE to False. DISABLING FAIL-SAFE IS NOT RECOMMENDED.
2026-02-24 10:57:06,308 - INFO - \u274c Error en fila 6: PyAutoGUI fail-safe triggered from mouse moving to a corner of the screen. To disable this fail-safe, set pyautogui.FAILSAFE to False. DISABLING FAIL-SAFE IS NOT RECOMMENDED.
2026-02-24 10:57:06,328 - INFO - \u274c Error en fila 7: PyAutoGUI fail-safe triggered from mouse moving to a corner of the screen. To disable this fail-safe, set pyautogui.FAILSAFE to False. DISABLING FAIL-SAFE IS NOT RECOMMENDED.
2026-02-24 10:57:06,350 - INFO - \u274c Error en fila 8: PyAutoGUI fail-safe triggered from mouse moving to a corner of the screen. To disable this fail-safe, set pyautogui.FAILSAFE to False. DISABLING FAIL-SAFE IS NOT RECOMMENDED.
2026-02-24 10:57:06,370 - INFO - \u274c Error en fila 9: PyAutoGUI fail-safe triggered from mouse moving to a corner of the screen. To disable this fail-safe, set pyautogui.FAILSAFE to False. DISABLING FAIL-SAFE IS NOT RECOMMENDED.
2026-02-24 10:57:06,391 - INFO - \u274c Error en fila 10: PyAutoGUI fail-safe triggered from mouse moving to a corner of the screen. To disable this fail-safe, set pyautogui.FAILSAFE to False. DISABLING FAIL-SAFE IS NOT RECOMMENDED.
2026-02-24 10:57:06,412 - INFO - \u274c Error en fila 11: PyAutoGUI fail-safe triggered from mouse moving to a corner of the screen. To disable this fail-safe, set pyautogui.FAILSAFE to False. DISABLING FAIL-SAFE IS NOT RECOMMENDED.
2026-02-24 10:57:06,476 - INFO - \u274c Error en fila 12: PyAutoGUI fail-safe triggered from mouse moving to a corner of the screen. To disable this fail-safe, set pyautogui.FAILSAFE to False. DISABLING FAIL-SAFE IS NOT RECOMMENDED.
2026-02-24 10:57:06,497 - INFO - \u274c Error en fila 13: PyAutoGUI fail-safe triggered from mouse moving to a corner of the screen. To disable this fail-safe, set pyautogui.FAILSAFE to False. DISABLING FAIL-SAFE IS NOT RECOMMENDED.
2026-02-24 10:57:06,520 - INFO - \U0001f4be Todos los artículos cargados. Guardando...
2026-02-24 10:57:06,529 - INFO - \u274c Error crítico: PyAutoGUI fail-safe triggered from mouse moving to a corner of the screen. To disable this fail-safe, set pyautogui.FAILSAFE to False. DISABLING FAIL-SAFE IS NOT RECOMMENDED.
2026-02-24 10:59:28,301 - INFO - Módulo STOCK seleccionado.
2026-02-24 10:59:38,278 - INFO - Ejecutando STOCK...
2026-02-24 10:59:38,282 - INFO - Entrando al módulo de stock (3-6-1)...
2026-02-24 10:59:41,340 - INFO - \U0001f4cc Cabecera: Pedido 2242026 | Obs: FARGO
2026-02-24 10:59:47,745 - INFO - \u23f3 Iniciando ráfaga de carga...
2026-02-24 10:59:49,486 - INFO - \u2705 Cargado: SKU 4535
2026-02-24 10:59:51,237 - INFO - \u2705 Cargado: SKU 45371
2026-02-24 10:59:52,995 - INFO - \u2705 Cargado: SKU 4507
2026-02-24 10:59:54,754 - INFO - \u2705 Cargado: SKU 45374
2026-02-24 10:59:56,508 - INFO - \u2705 Cargado: SKU 4511
2026-02-24 10:59:58,262 - INFO - \u2705 Cargado: SKU 4502
2026-02-24 11:00:00,015 - INFO - \u2705 Cargado: SKU 4501
2026-02-24 11:00:01,774 - INFO - \u2705 Cargado: SKU 4512
2026-02-24 11:00:03,525 - INFO - \u2705 Cargado: SKU 4510
2026-02-24 11:00:05,283 - INFO - \u2705 Cargado: SKU 45382
2026-02-24 11:00:07,042 - INFO - \u2705 Cargado: SKU 4500
2026-02-24 11:00:08,796 - INFO - \u2705 Cargado: SKU 4503
2026-02-24 11:00:10,548 - INFO - \u2705 Cargado: SKU 4513
2026-02-24 11:00:10,588 - INFO - \U0001f4be Todos los artículos cargados. Guardando...
2026-02-24 11:00:16,646 - INFO - \U0001f3c1 Proceso finalizado con éxito.
2026-02-24 11:00:16,655 - INFO - \u274c Error crítico: [WinError 32] El proceso no tiene acceso al archivo porque está siendo utilizado por otro proceso: 'C:/Users/HP/Desktop/Suite/input/fargo carga.xlsx'
2026-02-24 11:00:45,121 - INFO - Módulo PRECIOS seleccionado.
2026-02-24 11:00:54,641 - INFO - Ejecutando PRECIOS...
2026-02-24 11:00:54,660 - INFO - \U0001f4b0 Iniciando Módulo de Precios (3-4-2)...
2026-02-24 11:00:57,093 - INFO - \U0001f504 SKU 4507...
2026-02-24 11:01:01,032 - INFO - \U0001f504 SKU 45374...
2026-02-24 11:01:04,968 - INFO - \U0001f504 SKU 4512...
2026-02-24 11:01:08,903 - INFO - \U0001f504 SKU 4510...
2026-02-24 11:01:12,847 - INFO - \U0001f504 SKU 4500...
2026-02-24 11:01:16,813 - INFO - \U0001f9f9 Limpiando y regresando al menú principal...
2026-02-24 11:01:19,524 - INFO - \u2705 Cambio de precios finalizado con éxito.
2026-02-24 11:01:20,705 - INFO - \u2705 Archivo movido a: C:\Users\HP\Desktop\Suite\procesados\precios\fargo precios.xlsx
2026-02-24 11:01:29,377 - INFO - Módulo STOCK seleccionado.
2026-02-24 11:01:32,742 - INFO - Ejecutando STOCK...
2026-02-24 11:01:32,752 - INFO - Entrando al módulo de stock (3-6-1)...
2026-02-24 11:01:35,783 - INFO - \U0001f4cc Cabecera: Pedido 24022026 | Obs: SANTIAGUEÑA
2026-02-24 11:01:42,211 - INFO - \u23f3 Iniciando ráfaga de carga...
2026-02-24 11:01:43,954 - INFO - \u2705 Cargado: SKU 1520
2026-02-24 11:01:45,715 - INFO - \u2705 Cargado: SKU 15201
2026-02-24 11:01:47,472 - INFO - \u2705 Cargado: SKU 1523
2026-02-24 11:01:49,227 - INFO - \u2705 Cargado: SKU 1519
2026-02-24 11:01:49,254 - INFO - \U0001f4be Todos los artículos cargados. Guardando...
2026-02-24 11:01:55,279 - INFO - \U0001f3c1 Proceso finalizado con éxito.
2026-02-24 11:01:56,553 - INFO - \u2705 Archivo movido a: C:\Users\HP\Desktop\Suite\procesados\stock\santiagueña carga1.xlsx
2026-02-24 11:02:06,250 - INFO - Módulo PRECIOS seleccionado.
2026-02-24 11:02:09,316 - INFO - Ejecutando PRECIOS...
2026-02-24 11:02:09,332 - INFO - \U0001f4b0 Iniciando Módulo de Precios (3-4-2)...
2026-02-24 11:02:11,153 - INFO - \U0001f504 SKU 1520...
2026-02-24 11:02:13,307 - INFO - \U0001f504 SKU 15201...
2026-02-24 11:02:15,474 - INFO - \U0001f504 SKU 1523...
2026-02-24 11:02:17,628 - INFO - \U0001f504 SKU 1519...
2026-02-24 11:02:19,782 - INFO - \U0001f9f9 Limpiando y regresando al menú principal...
2026-02-24 11:02:21,903 - INFO - \u2705 Cambio de precios finalizado con éxito.
2026-02-24 11:02:23,047 - INFO - \u2705 Archivo movido a: C:\Users\HP\Desktop\Suite\procesados\precios\santiagueña PRECIOS.xlsx
2026-02-24 11:11:32,638 - INFO - Módulo STOCK seleccionado.
2026-02-24 11:11:48,266 - INFO - Ejecutando STOCK...
2026-02-24 11:11:48,384 - INFO - Entrando al módulo de stock (3-6-1)...
2026-02-24 11:11:50,215 - INFO - \U0001f4cc Cabecera: Pedido 9800 | Obs: VRINDA IMPORT SRL
2026-02-24 11:11:54,666 - INFO - \u23f3 Iniciando ráfaga de carga...
2026-02-24 11:11:55,616 - INFO - \u2705 Cargado: SKU 55436
2026-02-24 11:11:56,584 - INFO - \u2705 Cargado: SKU 554351
2026-02-24 11:11:57,545 - INFO - \u2705 Cargado: SKU 55437
2026-02-24 11:11:58,504 - INFO - \u2705 Cargado: SKU 55439
2026-02-24 11:11:59,464 - INFO - \u2705 Cargado: SKU 55438
2026-02-24 11:12:00,424 - INFO - \u2705 Cargado: SKU 55433
2026-02-24 11:12:01,382 - INFO - \u2705 Cargado: SKU 55432
2026-02-24 11:12:02,345 - INFO - \u2705 Cargado: SKU 55440
2026-02-24 11:12:03,308 - INFO - \u2705 Cargado: SKU 55445
2026-02-24 11:12:04,267 - INFO - \u2705 Cargado: SKU 55446
2026-02-24 11:12:05,227 - INFO - \u2705 Cargado: SKU 55444
2026-02-24 11:12:06,191 - INFO - \u2705 Cargado: SKU 55441
2026-02-24 11:12:07,154 - INFO - \u2705 Cargado: SKU 55442
2026-02-24 11:12:08,112 - INFO - \u2705 Cargado: SKU 55443
2026-02-24 11:12:09,071 - INFO - \u2705 Cargado: SKU 55426
2026-02-24 11:12:10,034 - INFO - \u2705 Cargado: SKU 55431
2026-02-24 11:12:10,992 - INFO - \u2705 Cargado: SKU 55254
2026-02-24 11:12:11,953 - INFO - \u2705 Cargado: SKU 55422
2026-02-24 11:12:12,913 - INFO - \u2705 Cargado: SKU 55425
2026-02-24 11:12:13,870 - INFO - \u2705 Cargado: SKU 55430
2026-02-24 11:12:14,834 - INFO - \u2705 Cargado: SKU 55429
2026-02-24 11:12:15,796 - INFO - \u2705 Cargado: SKU 55423
2026-02-24 11:12:16,755 - INFO - \u2705 Cargado: SKU 55424
2026-02-24 11:12:17,719 - INFO - \u2705 Cargado: SKU 55427
2026-02-24 11:12:18,675 - INFO - \u2705 Cargado: SKU 55447
2026-02-24 11:12:19,635 - INFO - \u2705 Cargado: SKU 55451
2026-02-24 11:12:20,595 - INFO - \u2705 Cargado: SKU 55454
2026-02-24 11:12:21,552 - INFO - \u2705 Cargado: SKU 55455
2026-02-24 11:12:22,515 - INFO - \u2705 Cargado: SKU 55456
2026-02-24 11:12:23,476 - INFO - \u2705 Cargado: SKU 55453
2026-02-24 11:12:24,439 - INFO - \u2705 Cargado: SKU 55449
2026-02-24 11:12:25,398 - INFO - \u2705 Cargado: SKU 55457
2026-02-24 11:12:26,352 - INFO - \u2705 Cargado: SKU 55448
2026-02-24 11:12:27,318 - INFO - \u2705 Cargado: SKU 55450
2026-02-24 11:12:28,277 - INFO - \u2705 Cargado: SKU 55452
2026-02-24 11:12:28,300 - INFO - \U0001f4be Todos los artículos cargados. Guardando...
2026-02-24 11:12:33,329 - INFO - \U0001f3c1 Proceso finalizado con éxito.
2026-02-24 11:13:36,040 - INFO - \u2705 Archivo movido a: C:\Users\HP\Desktop\Suite\procesados\stock\VRINDA CARGA.xlsx
2026-02-24 11:23:09,364 - INFO - Módulo CHEQUES seleccionado.
2026-02-24 11:23:26,370 - INFO - Ejecutando CHEQUES...
2026-02-24 11:23:26,407 - INFO - \U0001f4b0 Iniciando Carga Financiera (H: Nombre, I: CUIT, J: Monto)...
2026-02-24 11:23:26,425 - INFO - \U0001f4cc Entidad: 103025 | Comisión: 1275.0149999999999
2026-02-24 11:23:32,805 - INFO - \u25b6\ufe0f Fila 1: Cheque 99881 | Monto: 50000.00
2026-02-24 11:23:45,350 - INFO - \u25b6\ufe0f Fila 2: Cheque 99882 | Monto: 25000.75
2026-02-24 11:23:57,893 - INFO - \u25b6\ufe0f Fila 3: Cheque 99883 | Monto: 10000.25
2026-02-24 11:24:10,453 - INFO - \U0001f6d1 Carga finalizada en grilla.
2026-02-24 11:25:01,416 - INFO - \u2705 Archivo movido a: C:\Users\HP\Desktop\Suite\procesados\cheques\test_cheques_entidad_105.xlsx
2026-02-24 11:29:51,245 - INFO - Módulo CHEQUES seleccionado.
2026-02-24 11:30:33,327 - INFO - Ejecutando CHEQUES...
2026-02-24 11:30:33,371 - INFO - \U0001f4b0 Iniciando Carga de Validación (H: Nombre, I: CUIT, J: Monto)...
2026-02-24 11:30:33,387 - INFO - \U0001f4cc Entidad: 103025
2026-02-24 11:30:38,159 - INFO - \u25b6\ufe0f Fila 1: Cheque 99881 | Monto: 50000.00
2026-02-24 11:30:46,499 - INFO - \u25b6\ufe0f Fila 2: Cheque 99882 | Monto: 25000.75
2026-02-24 11:30:54,851 - INFO - \u25b6\ufe0f Fila 3: Cheque 99883 | Monto: 10000.25
2026-02-24 11:31:03,220 - INFO - \U0001f6d1 Carga finalizada. Esperando revisión manual.
2026-02-24 11:31:09,444 - INFO - \u2705 Archivo movido a: C:\Users\HP\Desktop\Suite\procesados\cheques\test_cheques_entidad_105.xlsx
2026-02-24 11:37:18,404 - INFO - Ejecutando CHEQUES...
2026-02-24 11:37:18,409 - INFO - \U0001f4b0 Iniciando Carga de Validación (H: Nombre, I: CUIT, J: Monto)...
2026-02-24 11:37:18,414 - INFO - \U0001f4cc Entidad: 103025
2026-02-24 11:37:21,553 - INFO - \u25b6\ufe0f Fila 1: Cheque 99881 | Monto: 50000.00
2026-02-24 11:37:25,650 - INFO - \u25b6\ufe0f Fila 2: Cheque 99882 | Monto: 25000.75
2026-02-24 11:37:29,749 - INFO - \u25b6\ufe0f Fila 3: Cheque 99883 | Monto: 10000.25
2026-02-24 11:37:33,846 - INFO - \u25b6\ufe0f Fila 4: Cheque 99883 | Monto: 10000.25
2026-02-24 11:37:37,948 - INFO - \u25b6\ufe0f Fila 5: Cheque 99883 | Monto: 10000.25
2026-02-24 11:37:39,181 - INFO - \u274c Error en proceso: PyAutoGUI fail-safe triggered from mouse moving to a corner of the screen. To disable this fail-safe, set pyautogui.FAILSAFE to False. DISABLING FAIL-SAFE IS NOT RECOMMENDED.
2026-02-24 11:37:42,216 - INFO - \u2705 Archivo movido a: C:\Users\HP\Desktop\Suite\procesados\cheques\test_cheques_entidad_105.xlsx
2026-02-24 11:39:30,986 - INFO - Ejecutando CHEQUES...
2026-02-24 11:39:30,993 - INFO - \U0001f4b0 Iniciando Carga de Validación (H: Nombre, I: CUIT, J: Monto)...
2026-02-24 11:39:30,995 - INFO - \U0001f4cc Entidad: 103025
2026-02-24 11:39:34,136 - INFO - \u25b6\ufe0f Fila 1: Cheque 99881 | Monto: 50000.00
2026-02-24 11:39:38,235 - INFO - \u25b6\ufe0f Fila 2: Cheque 99882 | Monto: 25000.75
2026-02-24 11:39:42,352 - INFO - \u25b6\ufe0f Fila 3: Cheque 99883 | Monto: 10000.25
2026-02-24 11:39:46,466 - INFO - \u25b6\ufe0f Fila 4: Cheque 99883 | Monto: 10000.25
2026-02-24 11:39:50,577 - INFO - \u25b6\ufe0f Fila 5: Cheque 99883 | Monto: 10000.25
2026-02-24 11:39:54,678 - INFO - \u25b6\ufe0f Fila 6: Cheque 99883 | Monto: 10000.25
2026-02-24 11:39:58,791 - INFO - \u25b6\ufe0f Fila 7: Cheque 99883 | Monto: 10000.25
2026-02-24 11:40:00,239 - INFO - \u274c Error en proceso: PyAutoGUI fail-safe triggered from mouse moving to a corner of the screen. To disable this fail-safe, set pyautogui.FAILSAFE to False. DISABLING FAIL-SAFE IS NOT RECOMMENDED.
2026-02-24 11:40:01,949 - INFO - \u2705 Archivo movido a: C:\Users\HP\Desktop\Suite\procesados\cheques\test_cheques_entidad_105.xlsx
2026-02-24 12:29:33,343 - INFO - Módulo STOCK seleccionado.
2026-02-24 12:29:48,529 - INFO - Ejecutando STOCK...
2026-02-24 12:29:48,836 - INFO - Entrando al módulo de stock (3-6-1)...
2026-02-24 12:29:51,900 - INFO - \U0001f4cc Cabecera: Pedido 635945 | Obs: COLOSO
2026-02-24 12:29:58,307 - INFO - \u23f3 Iniciando ráfaga de carga...
2026-02-24 12:30:00,053 - INFO - \u2705 Cargado: SKU 317613
2026-02-24 12:30:01,811 - INFO - \u2705 Cargado: SKU 317892
2026-02-24 12:30:03,563 - INFO - \u2705 Cargado: SKU 31761
2026-02-24 12:30:03,597 - INFO - \U0001f4be Todos los artículos cargados. Guardando...
2026-02-24 12:30:09,653 - INFO - \U0001f3c1 Proceso finalizado con éxito.
2026-02-24 12:30:11,040 - INFO - \u2705 Archivo movido a: c:\Users\HP\Desktop\Suite\procesados\stock\CARGA COLOSO.xlsx
2026-02-24 12:30:20,254 - INFO - Módulo PRECIOS seleccionado.
2026-02-24 12:30:23,400 - INFO - Ejecutando PRECIOS...
2026-02-24 12:30:23,415 - INFO - \U0001f4b0 Iniciando Módulo de Precios (3-4-2)...
2026-02-24 12:30:25,853 - INFO - \U0001f504 SKU 317613...
2026-02-24 12:30:29,811 - INFO - \U0001f504 SKU 317892...
2026-02-24 12:30:33,751 - INFO - \U0001f504 SKU 31761...
2026-02-24 12:30:37,725 - INFO - \U0001f9f9 Limpiando y regresando al menú principal...
2026-02-24 12:30:40,439 - INFO - \u2705 Cambio de precios finalizado con éxito.
2026-02-24 12:30:43,157 - INFO - \u2705 Archivo movido a: c:\Users\HP\Desktop\Suite\procesados\precios\PRECIOS COLOSO.xlsx
2026-02-24 12:55:58,381 - INFO - Módulo PRECIOS seleccionado.
2026-02-24 12:56:13,003 - INFO - Ejecutando PRECIOS...
2026-02-24 12:56:13,048 - INFO - \U0001f680 Iniciando Módulo de Precios V2 (Detección de Hijos)...
2026-02-24 12:56:15,486 - INFO - \U0001f504 SKU 22431...
2026-02-24 12:56:15,497 - INFO - \u274c Error SKU 22431: PyAutoGUI fail-safe triggered from mouse moving to a corner of the screen. To disable this fail-safe, set pyautogui.FAILSAFE to False. DISABLING FAIL-SAFE IS NOT RECOMMENDED.
2026-02-24 12:56:15,520 - INFO - \U0001f504 SKU 9995...
2026-02-24 12:56:15,833 - INFO - \u274c Error SKU 9995: PyAutoGUI fail-safe triggered from mouse moving to a corner of the screen. To disable this fail-safe, set pyautogui.FAILSAFE to False. DISABLING FAIL-SAFE IS NOT RECOMMENDED.
2026-02-24 12:56:15,853 - INFO - \U0001f504 SKU 9994...
2026-02-24 12:56:15,855 - INFO - \u274c Error SKU 9994: PyAutoGUI fail-safe triggered from mouse moving to a corner of the screen. To disable this fail-safe, set pyautogui.FAILSAFE to False. DISABLING FAIL-SAFE IS NOT RECOMMENDED.
2026-02-24 12:56:15,873 - INFO - \U0001f504 SKU 9993...
2026-02-24 12:56:15,876 - INFO - \u274c Error SKU 9993: PyAutoGUI fail-safe triggered from mouse moving to a corner of the screen. To disable this fail-safe, set pyautogui.FAILSAFE to False. DISABLING FAIL-SAFE IS NOT RECOMMENDED.
2026-02-24 12:56:15,893 - INFO - \U0001f504 SKU 22431...
2026-02-24 12:56:15,896 - INFO - \u274c Error SKU 22431: PyAutoGUI fail-safe triggered from mouse moving to a corner of the screen. To disable this fail-safe, set pyautogui.FAILSAFE to False. DISABLING FAIL-SAFE IS NOT RECOMMENDED.
2026-02-24 12:56:15,949 - INFO - \U0001f9f9 Finalizando y limpiando...
2026-02-24 12:56:15,952 - INFO - \u274c Error crítico: PyAutoGUI fail-safe triggered from mouse moving to a corner of the screen. To disable this fail-safe, set pyautogui.FAILSAFE to False. DISABLING FAIL-SAFE IS NOT RECOMMENDED.
2026-02-24 12:56:27,426 - INFO - Ejecutando PRECIOS...
2026-02-24 12:56:27,432 - INFO - \U0001f680 Iniciando Módulo de Precios V2 (Detección de Hijos)...
2026-02-24 12:56:30,634 - INFO - \U0001f504 SKU 22431...
2026-02-24 12:56:36,201 - INFO - \u274c Error SKU 22431: PyAutoGUI fail-safe triggered from mouse moving to a corner of the screen. To disable this fail-safe, set pyautogui.FAILSAFE to False. DISABLING FAIL-SAFE IS NOT RECOMMENDED.
2026-02-24 12:56:36,225 - INFO - \U0001f504 SKU 9995...
2026-02-24 12:56:36,227 - INFO - \u274c Error SKU 9995: PyAutoGUI fail-safe triggered from mouse moving to a corner of the screen. To disable this fail-safe, set pyautogui.FAILSAFE to False. DISABLING FAIL-SAFE IS NOT RECOMMENDED.
2026-02-24 12:56:36,248 - INFO - \U0001f504 SKU 9994...
2026-02-24 12:56:36,251 - INFO - \u274c Error SKU 9994: PyAutoGUI fail-safe triggered from mouse moving to a corner of the screen. To disable this fail-safe, set pyautogui.FAILSAFE to False. DISABLING FAIL-SAFE IS NOT RECOMMENDED.
2026-02-24 12:56:36,269 - INFO - \U0001f504 SKU 9993...
2026-02-24 12:56:36,276 - INFO - \u274c Error SKU 9993: PyAutoGUI fail-safe triggered from mouse moving to a corner of the screen. To disable this fail-safe, set pyautogui.FAILSAFE to False. DISABLING FAIL-SAFE IS NOT RECOMMENDED.
2026-02-24 12:56:36,302 - INFO - \U0001f504 SKU 22431...
2026-02-24 12:56:36,310 - INFO - \u274c Error SKU 22431: PyAutoGUI fail-safe triggered from mouse moving to a corner of the screen. To disable this fail-safe, set pyautogui.FAILSAFE to False. DISABLING FAIL-SAFE IS NOT RECOMMENDED.
2026-02-24 12:56:36,334 - INFO - \U0001f9f9 Finalizando y limpiando...
2026-02-24 12:56:36,347 - INFO - \u274c Error crítico: PyAutoGUI fail-safe triggered from mouse moving to a corner of the screen. To disable this fail-safe, set pyautogui.FAILSAFE to False. DISABLING FAIL-SAFE IS NOT RECOMMENDED.
2026-02-24 13:12:33,859 - INFO - Módulo PRECIOS seleccionado.
2026-02-24 13:12:37,145 - INFO - Ejecutando PRECIOS...
2026-02-24 13:12:37,155 - INFO - \U0001f680 Iniciando Módulo de Precios V2 (Detección de Hijos)...
2026-02-24 13:12:40,367 - INFO - \U0001f504 SKU 22431...
2026-02-24 13:12:45,374 - INFO - \u274c Error SKU 22431: PyAutoGUI fail-safe triggered from mouse moving to a corner of the screen. To disable this fail-safe, set pyautogui.FAILSAFE to False. DISABLING FAIL-SAFE IS NOT RECOMMENDED.
2026-02-24 13:12:45,408 - INFO - \U0001f504 SKU 9995...
2026-02-24 13:12:45,426 - INFO - \u274c Error SKU 9995: PyAutoGUI fail-safe triggered from mouse moving to a corner of the screen. To disable this fail-safe, set pyautogui.FAILSAFE to False. DISABLING FAIL-SAFE IS NOT RECOMMENDED.
2026-02-24 13:12:45,456 - INFO - \U0001f504 SKU 9994...
2026-02-24 13:12:45,467 - INFO - \u274c Error SKU 9994: PyAutoGUI fail-safe triggered from mouse moving to a corner of the screen. To disable this fail-safe, set pyautogui.FAILSAFE to False. DISABLING FAIL-SAFE IS NOT RECOMMENDED.
2026-02-24 13:12:45,495 - INFO - \U0001f504 SKU 9993...
2026-02-24 13:12:45,505 - INFO - \u274c Error SKU 9993: PyAutoGUI fail-safe triggered from mouse moving to a corner of the screen. To disable this fail-safe, set pyautogui.FAILSAFE to False. DISABLING FAIL-SAFE IS NOT RECOMMENDED.
2026-02-24 13:12:45,533 - INFO - \U0001f504 SKU 22431...
2026-02-24 13:12:45,543 - INFO - \u274c Error SKU 22431: PyAutoGUI fail-safe triggered from mouse moving to a corner of the screen. To disable this fail-safe, set pyautogui.FAILSAFE to False. DISABLING FAIL-SAFE IS NOT RECOMMENDED.
2026-02-24 13:12:45,568 - INFO - \U0001f9f9 Finalizando y limpiando...
2026-02-24 13:12:45,582 - INFO - \u274c Error crítico: PyAutoGUI fail-safe triggered from mouse moving to a corner of the screen. To disable this fail-safe, set pyautogui.FAILSAFE to False. DISABLING FAIL-SAFE IS NOT RECOMMENDED.
2026-02-24 13:19:46,297 - INFO - Ejecutando PRECIOS...
2026-02-24 13:19:46,875 - INFO - \U0001f680 Iniciando Módulo de Precios V2 (Detección de Hijos)...
2026-02-24 13:19:50,083 - INFO - \U0001f504 SKU 22431...
2026-02-24 13:19:55,660 - INFO - \u274c Error SKU 22431: PyAutoGUI fail-safe triggered from mouse moving to a corner of the screen. To disable this fail-safe, set pyautogui.FAILSAFE to False. DISABLING FAIL-SAFE IS NOT RECOMMENDED.
2026-02-24 13:19:55,696 - INFO - \U0001f504 SKU 9995...
2026-02-24 13:19:55,709 - INFO - \u274c Error SKU 9995: PyAutoGUI fail-safe triggered from mouse moving to a corner of the screen. To disable this fail-safe, set pyautogui.FAILSAFE to False. DISABLING FAIL-SAFE IS NOT RECOMMENDED.
2026-02-24 13:19:55,739 - INFO - \U0001f504 SKU 9994...
2026-02-24 13:19:55,754 - INFO - \u274c Error SKU 9994: PyAutoGUI fail-safe triggered from mouse moving to a corner of the screen. To disable this fail-safe, set pyautogui.FAILSAFE to False. DISABLING FAIL-SAFE IS NOT RECOMMENDED.
2026-02-24 13:19:55,783 - INFO - \U0001f504 SKU 9993...
2026-02-24 13:19:55,795 - INFO - \u274c Error SKU 9993: PyAutoGUI fail-safe triggered from mouse moving to a corner of the screen. To disable this fail-safe, set pyautogui.FAILSAFE to False. DISABLING FAIL-SAFE IS NOT RECOMMENDED.
2026-02-24 13:19:55,823 - INFO - \U0001f504 SKU 22431...
2026-02-24 13:19:55,833 - INFO - \u274c Error SKU 22431: PyAutoGUI fail-safe triggered from mouse moving to a corner of the screen. To disable this fail-safe, set pyautogui.FAILSAFE to False. DISABLING FAIL-SAFE IS NOT RECOMMENDED.
2026-02-24 13:19:55,859 - INFO - \U0001f9f9 Finalizando y limpiando...
2026-02-24 13:19:55,873 - INFO - \u274c Error crítico: PyAutoGUI fail-safe triggered from mouse moving to a corner of the screen. To disable this fail-safe, set pyautogui.FAILSAFE to False. DISABLING FAIL-SAFE IS NOT RECOMMENDED.
2026-02-24 13:28:26,559 - INFO - Módulo PRECIOS seleccionado.
2026-02-24 13:28:48,818 - INFO - Ejecutando PRECIOS...
2026-02-24 13:28:48,860 - INFO - \U0001f680 Iniciando Módulo de Precios V2 (Sensor Visual)...
2026-02-24 13:28:51,295 - INFO - \U0001f504 SKU 22431 - Verificando...
2026-02-24 13:28:52,953 - INFO - \u26a0\ufe0f DETECTADO: 22431 es HIJO. Saltando...
2026-02-24 13:28:53,759 - INFO - \U0001f504 SKU 9995 - Verificando...
2026-02-24 13:28:55,260 - INFO - \u26a0\ufe0f DETECTADO: 9995 es HIJO. Saltando...
2026-02-24 13:28:56,067 - INFO - \U0001f504 SKU 9994 - Verificando...
2026-02-24 13:28:57,564 - INFO - \u26a0\ufe0f DETECTADO: 9994 es HIJO. Saltando...
2026-02-24 13:28:58,373 - INFO - \U0001f504 SKU 9993 - Verificando...
2026-02-24 13:28:58,378 - INFO - \u274c Error en SKU 9993: PyAutoGUI fail-safe triggered from mouse moving to a corner of the screen. To disable this fail-safe, set pyautogui.FAILSAFE to False. DISABLING FAIL-SAFE IS NOT RECOMMENDED.
2026-02-24 13:28:58,399 - INFO - \U0001f504 SKU 22431 - Verificando...
2026-02-24 13:28:58,401 - INFO - \u274c Error en SKU 22431: PyAutoGUI fail-safe triggered from mouse moving to a corner of the screen. To disable this fail-safe, set pyautogui.FAILSAFE to False. DISABLING FAIL-SAFE IS NOT RECOMMENDED.
2026-02-24 13:28:58,456 - INFO - \U0001f9f9 Finalizando proceso...
2026-02-24 13:28:58,458 - INFO - \u274c Error crítico: PyAutoGUI fail-safe triggered from mouse moving to a corner of the screen. To disable this fail-safe, set pyautogui.FAILSAFE to False. DISABLING FAIL-SAFE IS NOT RECOMMENDED.
2026-02-24 13:31:33,311 - INFO - Ejecutando PRECIOS...
2026-02-24 13:31:33,315 - INFO - \U0001f680 Iniciando Módulo de Precios V2 (Sensor Visual)...
2026-02-24 13:31:35,737 - INFO - \U0001f504 SKU 22431 - Verificando...
2026-02-24 13:31:37,248 - INFO - \u26a0\ufe0f DETECTADO: 22431 es HIJO. Saltando...
2026-02-24 13:31:38,054 - INFO - \U0001f504 SKU 9995 - Verificando...
2026-02-24 13:31:39,542 - INFO - \u26a0\ufe0f DETECTADO: 9995 es HIJO. Saltando...
2026-02-24 13:31:40,358 - INFO - \U0001f504 SKU 9994 - Verificando...
2026-02-24 13:31:40,401 - INFO - \u274c Error en SKU 9994: PyAutoGUI fail-safe triggered from mouse moving to a corner of the screen. To disable this fail-safe, set pyautogui.FAILSAFE to False. DISABLING FAIL-SAFE IS NOT RECOMMENDED.
2026-02-24 13:31:40,452 - INFO - \U0001f504 SKU 9993 - Verificando...
2026-02-24 13:31:40,457 - INFO - \u274c Error en SKU 9993: PyAutoGUI fail-safe triggered from mouse moving to a corner of the screen. To disable this fail-safe, set pyautogui.FAILSAFE to False. DISABLING FAIL-SAFE IS NOT RECOMMENDED.
2026-02-24 13:31:40,481 - INFO - \U0001f504 SKU 22431 - Verificando...
2026-02-24 13:31:40,490 - INFO - \u274c Error en SKU 22431: PyAutoGUI fail-safe triggered from mouse moving to a corner of the screen. To disable this fail-safe, set pyautogui.FAILSAFE to False. DISABLING FAIL-SAFE IS NOT RECOMMENDED.
2026-02-24 13:31:40,514 - INFO - \U0001f9f9 Finalizando proceso...
2026-02-24 13:31:40,527 - INFO - \u274c Error crítico: PyAutoGUI fail-safe triggered from mouse moving to a corner of the screen. To disable this fail-safe, set pyautogui.FAILSAFE to False. DISABLING FAIL-SAFE IS NOT RECOMMENDED.
2026-02-24 13:33:10,483 - INFO - Ejecutando PRECIOS...
2026-02-24 13:33:10,492 - INFO - \U0001f680 Iniciando Módulo de Precios V2 (Sensor Visual)...
2026-02-24 13:33:12,923 - INFO - \U0001f504 SKU 22431 - Verificando...
2026-02-24 13:33:14,461 - INFO - \u26a0\ufe0f DETECTADO: 22431 es HIJO. Saltando...
2026-02-24 13:33:15,273 - INFO - \U0001f504 SKU 9995 - Verificando...
2026-02-24 13:33:16,769 - INFO - \u26a0\ufe0f DETECTADO: 9995 es HIJO. Saltando...
2026-02-24 13:33:17,578 - INFO - \U0001f504 SKU 9994 - Verificando...
2026-02-24 13:33:19,084 - INFO - \u26a0\ufe0f DETECTADO: 9994 es HIJO. Saltando...
2026-02-24 13:33:19,092 - INFO - \u274c Error en SKU 9994: PyAutoGUI fail-safe triggered from mouse moving to a corner of the screen. To disable this fail-safe, set pyautogui.FAILSAFE to False. DISABLING FAIL-SAFE IS NOT RECOMMENDED.
2026-02-24 13:33:19,116 - INFO - \U0001f504 SKU 9993 - Verificando...
2026-02-24 13:33:19,124 - INFO - \u274c Error en SKU 9993: PyAutoGUI fail-safe triggered from mouse moving to a corner of the screen. To disable this fail-safe, set pyautogui.FAILSAFE to False. DISABLING FAIL-SAFE IS NOT RECOMMENDED.
2026-02-24 13:33:19,146 - INFO - \U0001f504 SKU 22431 - Verificando...
2026-02-24 13:33:19,154 - INFO - \u274c Error en SKU 22431: PyAutoGUI fail-safe triggered from mouse moving to a corner of the screen. To disable this fail-safe, set pyautogui.FAILSAFE to False. DISABLING FAIL-SAFE IS NOT RECOMMENDED.
2026-02-24 13:33:19,184 - INFO - \U0001f9f9 Finalizando proceso...
2026-02-24 13:33:19,194 - INFO - \u274c Error crítico: PyAutoGUI fail-safe triggered from mouse moving to a corner of the screen. To disable this fail-safe, set pyautogui.FAILSAFE to False. DISABLING FAIL-SAFE IS NOT RECOMMENDED.
2026-02-24 13:49:50,973 - INFO - Módulo PRECIOS seleccionado.
2026-02-24 13:49:59,038 - INFO - Ejecutando PRECIOS...
2026-02-24 13:49:59,048 - INFO - \U0001f680 Iniciando Módulo de Precios V2 (Sensor Visual)...
2026-02-24 13:50:01,471 - INFO - \U0001f504 SKU 22431 - Verificando...
2026-02-24 13:50:03,038 - INFO - \u26a0\ufe0f DETECTADO: 22431 es HIJO. Saltando...
2026-02-24 13:50:03,851 - INFO - \U0001f504 SKU 9995 - Verificando...
2026-02-24 13:50:05,389 - INFO - \u26a0\ufe0f DETECTADO: 9995 es HIJO. Saltando...
2026-02-24 13:50:06,199 - INFO - \U0001f504 SKU 9994 - Verificando...
2026-02-24 13:50:07,718 - INFO - \u26a0\ufe0f DETECTADO: 9994 es HIJO. Saltando...
2026-02-24 13:50:08,529 - INFO - \U0001f504 SKU 9993 - Verificando...
2026-02-24 13:50:08,859 - INFO - \u274c Error en SKU 9993: PyAutoGUI fail-safe triggered from mouse moving to a corner of the screen. To disable this fail-safe, set pyautogui.FAILSAFE to False. DISABLING FAIL-SAFE IS NOT RECOMMENDED.
2026-02-24 13:50:08,887 - INFO - \U0001f504 SKU 22431 - Verificando...
2026-02-24 13:50:08,891 - INFO - \u274c Error en SKU 22431: PyAutoGUI fail-safe triggered from mouse moving to a corner of the screen. To disable this fail-safe, set pyautogui.FAILSAFE to False. DISABLING FAIL-SAFE IS NOT RECOMMENDED.
2026-02-24 13:50:08,917 - INFO - \U0001f9f9 Finalizando proceso...
2026-02-24 13:50:08,931 - INFO - \u274c Error crítico: PyAutoGUI fail-safe triggered from mouse moving to a corner of the screen. To disable this fail-safe, set pyautogui.FAILSAFE to False. DISABLING FAIL-SAFE IS NOT RECOMMENDED.
2026-02-24 13:55:18,609 - INFO - Módulo PRECIOS seleccionado.
2026-02-24 13:55:28,217 - INFO - Ejecutando PRECIOS...
2026-02-24 13:55:28,261 - INFO - \U0001f680 Iniciando Módulo de Precios V2 (Detección Universal)...
2026-02-24 13:55:30,698 - INFO - \U0001f504 Procesando SKU 22431...
2026-02-24 13:55:32,386 - INFO - \u2139\ufe0f Cartel detectado. Ejecutando 6 enters (Hijo)...
2026-02-24 13:55:36,542 - INFO - \U0001f504 Procesando SKU 9995...
2026-02-24 13:55:36,550 - INFO - \u274c Error en SKU 9995: PyAutoGUI fail-safe triggered from mouse moving to a corner of the screen. To disable this fail-safe, set pyautogui.FAILSAFE to False. DISABLING FAIL-SAFE IS NOT RECOMMENDED.
2026-02-24 13:55:36,570 - INFO - \U0001f504 Procesando SKU 9994...
2026-02-24 13:55:36,572 - INFO - \u274c Error en SKU 9994: PyAutoGUI fail-safe triggered from mouse moving to a corner of the screen. To disable this fail-safe, set pyautogui.FAILSAFE to False. DISABLING FAIL-SAFE IS NOT RECOMMENDED.
2026-02-24 13:55:36,591 - INFO - \U0001f504 Procesando SKU 9993...
2026-02-24 13:55:36,594 - INFO - \u274c Error en SKU 9993: PyAutoGUI fail-safe triggered from mouse moving to a corner of the screen. To disable this fail-safe, set pyautogui.FAILSAFE to False. DISABLING FAIL-SAFE IS NOT RECOMMENDED.
2026-02-24 13:55:36,612 - INFO - \U0001f504 Procesando SKU 22431...
2026-02-24 13:55:36,615 - INFO - \u274c Error en SKU 22431: PyAutoGUI fail-safe triggered from mouse moving to a corner of the screen. To disable this fail-safe, set pyautogui.FAILSAFE to False. DISABLING FAIL-SAFE IS NOT RECOMMENDED.
2026-02-24 13:55:36,673 - INFO - \U0001f9f9 Proceso terminado. Regresando al menú...
2026-02-24 13:55:36,675 - INFO - \u274c Error crítico: PyAutoGUI fail-safe triggered from mouse moving to a corner of the screen. To disable this fail-safe, set pyautogui.FAILSAFE to False. DISABLING FAIL-SAFE IS NOT RECOMMENDED.
2026-02-24 13:55:57,660 - INFO - Ejecutando PRECIOS...
2026-02-24 13:55:57,663 - INFO - \U0001f680 Iniciando Módulo de Precios V2 (Detección Universal)...
2026-02-24 13:56:00,679 - INFO - \U0001f504 Procesando SKU 22431...
2026-02-24 13:56:02,692 - INFO - \u2139\ufe0f Cartel detectado. Ejecutando 6 enters (Hijo)...
2026-02-24 13:56:06,937 - INFO - \u274c Error en SKU 22431: PyAutoGUI fail-safe triggered from mouse moving to a corner of the screen. To disable this fail-safe, set pyautogui.FAILSAFE to False. DISABLING FAIL-SAFE IS NOT RECOMMENDED.
2026-02-24 13:56:06,956 - INFO - \U0001f504 Procesando SKU 9995...
2026-02-24 13:56:06,962 - INFO - \u274c Error en SKU 9995: PyAutoGUI fail-safe triggered from mouse moving to a corner of the screen. To disable this fail-safe, set pyautogui.FAILSAFE to False. DISABLING FAIL-SAFE IS NOT RECOMMENDED.
2026-02-24 13:56:06,981 - INFO - \U0001f504 Procesando SKU 9994...
2026-02-24 13:56:06,984 - INFO - \u274c Error en SKU 9994: PyAutoGUI fail-safe triggered from mouse moving to a corner of the screen. To disable this fail-safe, set pyautogui.FAILSAFE to False. DISABLING FAIL-SAFE IS NOT RECOMMENDED.
2026-02-24 13:56:07,002 - INFO - \U0001f504 Procesando SKU 9993...
2026-02-24 13:56:07,010 - INFO - \u274c Error en SKU 9993: PyAutoGUI fail-safe triggered from mouse moving to a corner of the screen. To disable this fail-safe, set pyautogui.FAILSAFE to False. DISABLING FAIL-SAFE IS NOT RECOMMENDED.
2026-02-24 13:56:07,036 - INFO - \U0001f504 Procesando SKU 22431...
2026-02-24 13:56:07,041 - INFO - \u274c Error en SKU 22431: PyAutoGUI fail-safe triggered from mouse moving to a corner of the screen. To disable this fail-safe, set pyautogui.FAILSAFE to False. DISABLING FAIL-SAFE IS NOT RECOMMENDED.
2026-02-24 13:56:07,066 - INFO - \U0001f9f9 Proceso terminado. Regresando al menú...
2026-02-24 13:56:07,074 - INFO - \u274c Error crítico: PyAutoGUI fail-safe triggered from mouse moving to a corner of the screen. To disable this fail-safe, set pyautogui.FAILSAFE to False. DISABLING FAIL-SAFE IS NOT RECOMMENDED.
2026-02-24 14:02:05,783 - INFO - Módulo PRECIOS seleccionado.
2026-02-24 14:02:23,147 - INFO - Ejecutando PRECIOS...
2026-02-24 14:02:23,196 - INFO - \U0001f680 Iniciando Precios V2 (Detección por Selección)...
2026-02-24 14:02:26,282 - INFO - \U0001f504 Procesando SKU 22431...
2026-02-24 14:02:30,354 - INFO - \u2139\ufe0f 22431: Es Normal -> 5 Enters.
2026-02-24 14:02:36,120 - INFO - \U0001f504 Procesando SKU 9995...
2026-02-24 14:02:40,152 - INFO - \u2139\ufe0f 9995: Es Normal -> 5 Enters.
2026-02-24 14:02:44,407 - INFO - \u274c Error en SKU 9995: PyAutoGUI fail-safe triggered from mouse moving to a corner of the screen. To disable this fail-safe, set pyautogui.FAILSAFE to False. DISABLING FAIL-SAFE IS NOT RECOMMENDED.
2026-02-24 14:02:44,432 - INFO - \U0001f504 Procesando SKU 9994...
2026-02-24 14:02:44,438 - INFO - \u274c Error en SKU 9994: PyAutoGUI fail-safe triggered from mouse moving to a corner of the screen. To disable this fail-safe, set pyautogui.FAILSAFE to False. DISABLING FAIL-SAFE IS NOT RECOMMENDED.
2026-02-24 14:02:44,461 - INFO - \U0001f504 Procesando SKU 9993...
2026-02-24 14:02:44,466 - INFO - \u274c Error en SKU 9993: PyAutoGUI fail-safe triggered from mouse moving to a corner of the screen. To disable this fail-safe, set pyautogui.FAILSAFE to False. DISABLING FAIL-SAFE IS NOT RECOMMENDED.
2026-02-24 14:02:44,488 - INFO - \U0001f504 Procesando SKU 22431...
2026-02-24 14:02:44,494 - INFO - \u274c Error en SKU 22431: PyAutoGUI fail-safe triggered from mouse moving to a corner of the screen. To disable this fail-safe, set pyautogui.FAILSAFE to False. DISABLING FAIL-SAFE IS NOT RECOMMENDED.
2026-02-24 14:02:44,554 - INFO - \U0001f9f9 Finalizando...
2026-02-24 14:02:44,556 - INFO - \u274c Error crítico: PyAutoGUI fail-safe triggered from mouse moving to a corner of the screen. To disable this fail-safe, set pyautogui.FAILSAFE to False. DISABLING FAIL-SAFE IS NOT RECOMMENDED.
2026-02-24 14:03:51,195 - INFO - Proceso cancelado por el usuario.
2026-02-24 14:03:54,486 - INFO - Ejecutando PRECIOS...
2026-02-24 14:03:54,492 - INFO - \U0001f680 Iniciando Precios V2 (Detección por Selección)...
2026-02-24 14:03:58,045 - INFO - \U0001f504 Procesando SKU 22431...
2026-02-24 14:04:02,726 - INFO - \u2139\ufe0f 22431: Es Normal -> 5 Enters.
2026-02-24 14:04:06,730 - INFO - \u274c Error en SKU 22431: PyAutoGUI fail-safe triggered from mouse moving to a corner of the screen. To disable this fail-safe, set pyautogui.FAILSAFE to False. DISABLING FAIL-SAFE IS NOT RECOMMENDED.
2026-02-24 14:04:06,757 - INFO - \U0001f504 Procesando SKU 9995...
2026-02-24 14:04:06,757 - INFO - \u274c Error en SKU 9995: PyAutoGUI fail-safe triggered from mouse moving to a corner of the screen. To disable this fail-safe, set pyautogui.FAILSAFE to False. DISABLING FAIL-SAFE IS NOT RECOMMENDED.
2026-02-24 14:04:06,780 - INFO - \U0001f504 Procesando SKU 9994...
2026-02-24 14:04:06,790 - INFO - \u274c Error en SKU 9994: PyAutoGUI fail-safe triggered from mouse moving to a corner of the screen. To disable this fail-safe, set pyautogui.FAILSAFE to False. DISABLING FAIL-SAFE IS NOT RECOMMENDED.
2026-02-24 14:04:06,820 - INFO - \U0001f504 Procesando SKU 9993...
2026-02-24 14:04:06,827 - INFO - \u274c Error en SKU 9993: PyAutoGUI fail-safe triggered from mouse moving to a corner of the screen. To disable this fail-safe, set pyautogui.FAILSAFE to False. DISABLING FAIL-SAFE IS NOT RECOMMENDED.
2026-02-24 14:04:06,852 - INFO - \U0001f504 Procesando SKU 22431...
2026-02-24 14:04:06,860 - INFO - \u274c Error en SKU 22431: PyAutoGUI fail-safe triggered from mouse moving to a corner of the screen. To disable this fail-safe, set pyautogui.FAILSAFE to False. DISABLING FAIL-SAFE IS NOT RECOMMENDED.
2026-02-24 14:04:06,887 - INFO - \U0001f9f9 Finalizando...
2026-02-24 14:04:06,896 - INFO - \u274c Error crítico: PyAutoGUI fail-safe triggered from mouse moving to a corner of the screen. To disable this fail-safe, set pyautogui.FAILSAFE to False. DISABLING FAIL-SAFE IS NOT RECOMMENDED.
2026-02-24 14:17:42,523 - INFO - Módulo PRECIOS seleccionado.
2026-02-24 14:17:55,725 - INFO - Ejecutando PRECIOS...
2026-02-24 14:17:55,763 - INFO - \U0001f680 Iniciando Precios V2 (Lectura Universal de Pantalla)...
2026-02-24 14:17:58,940 - INFO - \U0001f504 Procesando SKU 22431...
2026-02-24 14:18:01,269 - INFO - \u2705 22431 es NORMAL. Enviando 5 Enters...
2026-02-24 14:18:07,581 - INFO - \U0001f504 Procesando SKU 9995...
2026-02-24 14:18:09,825 - INFO - \u2705 9995 es NORMAL. Enviando 5 Enters...
2026-02-24 14:18:13,801 - INFO - \u274c Error en SKU 9995: PyAutoGUI fail-safe triggered from mouse moving to a corner of the screen. To disable this fail-safe, set pyautogui.FAILSAFE to False. DISABLING FAIL-SAFE IS NOT RECOMMENDED.
2026-02-24 14:18:13,829 - INFO - \U0001f504 Procesando SKU 9994...
2026-02-24 14:18:13,831 - INFO - \u274c Error en SKU 9994: PyAutoGUI fail-safe triggered from mouse moving to a corner of the screen. To disable this fail-safe, set pyautogui.FAILSAFE to False. DISABLING FAIL-SAFE IS NOT RECOMMENDED.
2026-02-24 14:18:13,854 - INFO - \U0001f504 Procesando SKU 9993...
2026-02-24 14:18:13,857 - INFO - \u274c Error en SKU 9993: PyAutoGUI fail-safe triggered from mouse moving to a corner of the screen. To disable this fail-safe, set pyautogui.FAILSAFE to False. DISABLING FAIL-SAFE IS NOT RECOMMENDED.
2026-02-24 14:18:13,879 - INFO - \U0001f504 Procesando SKU 22431...
2026-02-24 14:18:13,882 - INFO - \u274c Error en SKU 22431: PyAutoGUI fail-safe triggered from mouse moving to a corner of the screen. To disable this fail-safe, set pyautogui.FAILSAFE to False. DISABLING FAIL-SAFE IS NOT RECOMMENDED.
2026-02-24 14:18:13,947 - INFO - \U0001f9f9 Proceso terminado.
2026-02-24 14:18:13,949 - INFO - \u274c Error crítico: PyAutoGUI fail-safe triggered from mouse moving to a corner of the screen. To disable this fail-safe, set pyautogui.FAILSAFE to False. DISABLING FAIL-SAFE IS NOT RECOMMENDED.
2026-02-24 14:21:00,123 - INFO - Ejecutando PRECIOS...
2026-02-24 14:21:00,127 - INFO - \U0001f680 Iniciando Precios V2 (Lectura Universal de Pantalla)...
2026-02-24 14:21:03,293 - INFO - \U0001f504 Procesando SKU 22431...
2026-02-24 14:21:05,589 - INFO - \u2705 22431 es NORMAL. Enviando 5 Enters...
2026-02-24 14:21:11,875 - INFO - \U0001f504 Procesando SKU 9995...
2026-02-24 14:21:14,111 - INFO - \u2705 9995 es NORMAL. Enviando 5 Enters...
2026-02-24 14:21:15,596 - INFO - \u274c Error en SKU 9995: PyAutoGUI fail-safe triggered from mouse moving to a corner of the screen. To disable this fail-safe, set pyautogui.FAILSAFE to False. DISABLING FAIL-SAFE IS NOT RECOMMENDED.
2026-02-24 14:21:15,624 - INFO - \U0001f504 Procesando SKU 9994...
2026-02-24 14:21:15,627 - INFO - \u274c Error en SKU 9994: PyAutoGUI fail-safe triggered from mouse moving to a corner of the screen. To disable this fail-safe, set pyautogui.FAILSAFE to False. DISABLING FAIL-SAFE IS NOT RECOMMENDED.
2026-02-24 14:21:15,646 - INFO - \U0001f504 Procesando SKU 9993...
2026-02-24 14:21:15,653 - INFO - \u274c Error en SKU 9993: PyAutoGUI fail-safe triggered from mouse moving to a corner of the screen. To disable this fail-safe, set pyautogui.FAILSAFE to False. DISABLING FAIL-SAFE IS NOT RECOMMENDED.
2026-02-24 14:21:15,678 - INFO - \U0001f504 Procesando SKU 22431...
2026-02-24 14:21:15,684 - INFO - \u274c Error en SKU 22431: PyAutoGUI fail-safe triggered from mouse moving to a corner of the screen. To disable this fail-safe, set pyautogui.FAILSAFE to False. DISABLING FAIL-SAFE IS NOT RECOMMENDED.
2026-02-24 14:21:15,709 - INFO - \U0001f9f9 Proceso terminado.
2026-02-24 14:21:15,718 - INFO - \u274c Error crítico: PyAutoGUI fail-safe triggered from mouse moving to a corner of the screen. To disable this fail-safe, set pyautogui.FAILSAFE to False. DISABLING FAIL-SAFE IS NOT RECOMMENDED.
2026-02-24 14:24:14,401 - INFO - Ejecutando PRECIOS...
2026-02-24 14:24:14,414 - INFO - \U0001f680 Iniciando Precios V2 (Lectura Universal de Pantalla)...
2026-02-24 14:24:17,580 - INFO - \U0001f504 Procesando SKU 22431...
2026-02-24 14:24:19,851 - INFO - \u2705 22431 es NORMAL. Enviando 5 Enters...
2026-02-24 14:24:26,138 - INFO - \U0001f504 Procesando SKU 9995...
2026-02-24 14:24:28,388 - INFO - \u2705 9995 es NORMAL. Enviando 5 Enters...
2026-02-24 14:24:31,801 - INFO - \u274c Error en SKU 9995: PyAutoGUI fail-safe triggered from mouse moving to a corner of the screen. To disable this fail-safe, set pyautogui.FAILSAFE to False. DISABLING FAIL-SAFE IS NOT RECOMMENDED.
2026-02-24 14:24:31,827 - INFO - \U0001f504 Procesando SKU 9994...
2026-02-24 14:24:31,835 - INFO - \u274c Error en SKU 9994: PyAutoGUI fail-safe triggered from mouse moving to a corner of the screen. To disable this fail-safe, set pyautogui.FAILSAFE to False. DISABLING FAIL-SAFE IS NOT RECOMMENDED.
2026-02-24 14:24:31,863 - INFO - \U0001f504 Procesando SKU 9993...
2026-02-24 14:24:31,876 - INFO - \u274c Error en SKU 9993: PyAutoGUI fail-safe triggered from mouse moving to a corner of the screen. To disable this fail-safe, set pyautogui.FAILSAFE to False. DISABLING FAIL-SAFE IS NOT RECOMMENDED.
2026-02-24 14:24:31,902 - INFO - \U0001f504 Procesando SKU 22431...
2026-02-24 14:24:31,912 - INFO - \u274c Error en SKU 22431: PyAutoGUI fail-safe triggered from mouse moving to a corner of the screen. To disable this fail-safe, set pyautogui.FAILSAFE to False. DISABLING FAIL-SAFE IS NOT RECOMMENDED.
2026-02-24 14:24:31,940 - INFO - \U0001f9f9 Proceso terminado.
2026-02-24 14:24:31,947 - INFO - \u274c Error crítico: PyAutoGUI fail-safe triggered from mouse moving to a corner of the screen. To disable this fail-safe, set pyautogui.FAILSAFE to False. DISABLING FAIL-SAFE IS NOT RECOMMENDED.
2026-02-24 14:26:08,951 - INFO - Ejecutando PRECIOS...
2026-02-24 14:26:08,962 - INFO - \U0001f680 Iniciando Precios V2 (Lectura Universal de Pantalla)...
2026-02-24 14:26:12,130 - INFO - \U0001f504 Procesando SKU 22431...
2026-02-24 14:26:14,405 - INFO - \u2705 22431 es NORMAL. Enviando 5 Enters...
2026-02-24 14:26:20,695 - INFO - \U0001f504 Procesando SKU 9995...
2026-02-24 14:26:22,941 - INFO - \u2705 9995 es NORMAL. Enviando 5 Enters...
2026-02-24 14:26:25,084 - INFO - \u274c Error en SKU 9995: PyAutoGUI fail-safe triggered from mouse moving to a corner of the screen. To disable this fail-safe, set pyautogui.FAILSAFE to False. DISABLING FAIL-SAFE IS NOT RECOMMENDED.
2026-02-24 14:26:25,119 - INFO - \U0001f504 Procesando SKU 9994...
2026-02-24 14:26:25,128 - INFO - \u274c Error en SKU 9994: PyAutoGUI fail-safe triggered from mouse moving to a corner of the screen. To disable this fail-safe, set pyautogui.FAILSAFE to False. DISABLING FAIL-SAFE IS NOT RECOMMENDED.
2026-02-24 14:26:25,161 - INFO - \U0001f504 Procesando SKU 9993...
2026-02-24 14:26:25,176 - INFO - \u274c Error en SKU 9993: PyAutoGUI fail-safe triggered from mouse moving to a corner of the screen. To disable this fail-safe, set pyautogui.FAILSAFE to False. DISABLING FAIL-SAFE IS NOT RECOMMENDED.
2026-02-24 14:26:25,208 - INFO - \U0001f504 Procesando SKU 22431...
2026-02-24 14:26:25,213 - INFO - \u274c Error en SKU 22431: PyAutoGUI fail-safe triggered from mouse moving to a corner of the screen. To disable this fail-safe, set pyautogui.FAILSAFE to False. DISABLING FAIL-SAFE IS NOT RECOMMENDED.
2026-02-24 14:26:25,244 - INFO - \U0001f9f9 Proceso terminado.
2026-02-24 14:26:25,257 - INFO - \u274c Error crítico: PyAutoGUI fail-safe triggered from mouse moving to a corner of the screen. To disable this fail-safe, set pyautogui.FAILSAFE to False. DISABLING FAIL-SAFE IS NOT RECOMMENDED.
2026-02-24 14:36:14,203 - INFO - Ejecutando PRECIOS...
2026-02-24 14:36:14,215 - INFO - \U0001f680 Iniciando Precios V2 (Lectura Universal de Pantalla)...
2026-02-24 14:36:17,391 - INFO - \U0001f504 Procesando SKU 22431...
2026-02-24 14:36:19,669 - INFO - \u2705 22431 es NORMAL. Enviando 5 Enters...
2026-02-24 14:36:25,956 - INFO - \U0001f504 Procesando SKU 9995...
2026-02-24 14:36:28,190 - INFO - \u2705 9995 es NORMAL. Enviando 5 Enters...
2026-02-24 14:36:32,724 - INFO - \u274c Error en SKU 9995: PyAutoGUI fail-safe triggered from mouse moving to a corner of the screen. To disable this fail-safe, set pyautogui.FAILSAFE to False. DISABLING FAIL-SAFE IS NOT RECOMMENDED.
2026-02-24 14:36:32,751 - INFO - \U0001f504 Procesando SKU 9994...
2026-02-24 14:36:32,758 - INFO - \u274c Error en SKU 9994: PyAutoGUI fail-safe triggered from mouse moving to a corner of the screen. To disable this fail-safe, set pyautogui.FAILSAFE to False. DISABLING FAIL-SAFE IS NOT RECOMMENDED.
2026-02-24 14:36:32,785 - INFO - \U0001f504 Procesando SKU 9993...
2026-02-24 14:36:32,791 - INFO - \u274c Error en SKU 9993: PyAutoGUI fail-safe triggered from mouse moving to a corner of the screen. To disable this fail-safe, set pyautogui.FAILSAFE to False. DISABLING FAIL-SAFE IS NOT RECOMMENDED.
2026-02-24 14:36:32,817 - INFO - \U0001f504 Procesando SKU 22431...
2026-02-24 14:36:32,821 - INFO - \u274c Error en SKU 22431: PyAutoGUI fail-safe triggered from mouse moving to a corner of the screen. To disable this fail-safe, set pyautogui.FAILSAFE to False. DISABLING FAIL-SAFE IS NOT RECOMMENDED.
2026-02-24 14:36:32,848 - INFO - \U0001f9f9 Proceso terminado.
2026-02-24 14:36:32,855 - INFO - \u274c Error crítico: PyAutoGUI fail-safe triggered from mouse moving to a corner of the screen. To disable this fail-safe, set pyautogui.FAILSAFE to False. DISABLING FAIL-SAFE IS NOT RECOMMENDED.
2026-02-24 14:37:56,576 - INFO - Módulo PRECIOS seleccionado.
2026-02-24 14:38:08,596 - INFO - Ejecutando PRECIOS...
2026-02-24 14:38:08,637 - INFO - \U0001f4da Base de datos: 0 hijos cargados.
2026-02-24 14:38:08,665 - INFO - \U0001f680 Iniciando Precios V2 (Sincronización por Listado)...
2026-02-24 14:38:11,393 - INFO - \U0001f504 Procesando SKU 22431...
2026-02-24 14:38:13,521 - INFO - \u2705 22431 es NORMAL. Aplicando 5 Enters...
2026-02-24 14:38:18,260 - INFO - \u274c Error en SKU 22431: PyAutoGUI fail-safe triggered from mouse moving to a corner of the screen. To disable this fail-safe, set pyautogui.FAILSAFE to False. DISABLING FAIL-SAFE IS NOT RECOMMENDED.
2026-02-24 14:38:18,281 - INFO - \U0001f504 Procesando SKU 9995...
2026-02-24 14:38:18,784 - INFO - \u274c Error en SKU 9995: PyAutoGUI fail-safe triggered from mouse moving to a corner of the screen. To disable this fail-safe, set pyautogui.FAILSAFE to False. DISABLING FAIL-SAFE IS NOT RECOMMENDED.
2026-02-24 14:38:18,804 - INFO - \U0001f504 Procesando SKU 9994...
2026-02-24 14:38:19,305 - INFO - \u274c Error en SKU 9994: PyAutoGUI fail-safe triggered from mouse moving to a corner of the screen. To disable this fail-safe, set pyautogui.FAILSAFE to False. DISABLING FAIL-SAFE IS NOT RECOMMENDED.
2026-02-24 14:38:19,329 - INFO - \U0001f504 Procesando SKU 9993...
2026-02-24 14:38:19,831 - INFO - \u274c Error en SKU 9993: PyAutoGUI fail-safe triggered from mouse moving to a corner of the screen. To disable this fail-safe, set pyautogui.FAILSAFE to False. DISABLING FAIL-SAFE IS NOT RECOMMENDED.
2026-02-24 14:38:19,854 - INFO - \U0001f504 Procesando SKU 22431...
2026-02-24 14:38:21,970 - INFO - \u2705 22431 es NORMAL. Aplicando 5 Enters...
2026-02-24 14:38:21,973 - INFO - \u274c Error en SKU 22431: PyAutoGUI fail-safe triggered from mouse moving to a corner of the screen. To disable this fail-safe, set pyautogui.FAILSAFE to False. DISABLING FAIL-SAFE IS NOT RECOMMENDED.
2026-02-24 14:38:22,030 - INFO - \U0001f9f9 Proceso terminado. Volviendo al menú...
2026-02-24 14:38:22,032 - INFO - \u274c Error crítico: PyAutoGUI fail-safe triggered from mouse moving to a corner of the screen. To disable this fail-safe, set pyautogui.FAILSAFE to False. DISABLING FAIL-SAFE IS NOT RECOMMENDED.
2026-02-24 14:43:06,186 - INFO - Módulo PRECIOS seleccionado.
2026-02-24 14:43:19,129 - INFO - Ejecutando PRECIOS...
2026-02-24 14:43:19,167 - INFO - \U0001f4c2 Base de datos cargada: 3131 códigos hijos encontrados.
2026-02-24 14:43:19,193 - INFO - \U0001f680 Iniciando Precios V2 (Sincronización por Lista)...
2026-02-24 14:43:21,625 - INFO - \U0001f504 Procesando SKU 22431...
2026-02-24 14:43:23,278 - INFO - \U0001f6a9 22431 detectado como HIJO (en lista). 6 Enters...
2026-02-24 14:43:28,769 - INFO - \u274c Error en SKU 22431: PyAutoGUI fail-safe triggered from mouse moving to a corner of the screen. To disable this fail-safe, set pyautogui.FAILSAFE to False. DISABLING FAIL-SAFE IS NOT RECOMMENDED.
2026-02-24 14:43:28,795 - INFO - \U0001f504 Procesando SKU 9995...
2026-02-24 14:43:28,801 - INFO - \u274c Error en SKU 9995: PyAutoGUI fail-safe triggered from mouse moving to a corner of the screen. To disable this fail-safe, set pyautogui.FAILSAFE to False. DISABLING FAIL-SAFE IS NOT RECOMMENDED.
2026-02-24 14:43:28,824 - INFO - \U0001f504 Procesando SKU 9994...
2026-02-24 14:43:28,830 - INFO - \u274c Error en SKU 9994: PyAutoGUI fail-safe triggered from mouse moving to a corner of the screen. To disable this fail-safe, set pyautogui.FAILSAFE to False. DISABLING FAIL-SAFE IS NOT RECOMMENDED.
2026-02-24 14:43:28,851 - INFO - \U0001f504 Procesando SKU 9993...
2026-02-24 14:43:28,857 - INFO - \u274c Error en SKU 9993: PyAutoGUI fail-safe triggered from mouse moving to a corner of the screen. To disable this fail-safe, set pyautogui.FAILSAFE to False. DISABLING FAIL-SAFE IS NOT RECOMMENDED.
2026-02-24 14:43:28,879 - INFO - \U0001f504 Procesando SKU 22431...
2026-02-24 14:43:28,885 - INFO - \u274c Error en SKU 22431: PyAutoGUI fail-safe triggered from mouse moving to a corner of the screen. To disable this fail-safe, set pyautogui.FAILSAFE to False. DISABLING FAIL-SAFE IS NOT RECOMMENDED.
2026-02-24 14:43:28,938 - INFO - \U0001f9f9 Proceso terminado.
2026-02-24 14:43:28,940 - INFO - \u274c Error crítico: PyAutoGUI fail-safe triggered from mouse moving to a corner of the screen. To disable this fail-safe, set pyautogui.FAILSAFE to False. DISABLING FAIL-SAFE IS NOT RECOMMENDED.
2026-02-24 14:51:38,485 - INFO - Ejecutando PRECIOS...
2026-02-24 14:51:38,489 - INFO - \U0001f4c2 Base de datos cargada: 3131 códigos hijos encontrados.
2026-02-24 14:51:38,491 - INFO - \U0001f680 Iniciando Precios V2 (Sincronización por Lista)...
2026-02-24 14:51:40,908 - INFO - \U0001f504 Procesando SKU 22431...
2026-02-24 14:51:42,525 - INFO - \U0001f6a9 22431 detectado como HIJO (en lista). 6 Enters...
2026-02-24 14:51:48,419 - INFO - \u274c Error en SKU 22431: PyAutoGUI fail-safe triggered from mouse moving to a corner of the screen. To disable this fail-safe, set pyautogui.FAILSAFE to False. DISABLING FAIL-SAFE IS NOT RECOMMENDED.
2026-02-24 14:51:48,445 - INFO - \U0001f504 Procesando SKU 9995...
2026-02-24 14:51:48,451 - INFO - \u274c Error en SKU 9995: PyAutoGUI fail-safe triggered from mouse moving to a corner of the screen. To disable this fail-safe, set pyautogui.FAILSAFE to False. DISABLING FAIL-SAFE IS NOT RECOMMENDED.
2026-02-24 14:51:48,478 - INFO - \U0001f504 Procesando SKU 9994...
2026-02-24 14:51:48,483 - INFO - \u274c Error en SKU 9994: PyAutoGUI fail-safe triggered from mouse moving to a corner of the screen. To disable this fail-safe, set pyautogui.FAILSAFE to False. DISABLING FAIL-SAFE IS NOT RECOMMENDED.
2026-02-24 14:51:48,513 - INFO - \U0001f504 Procesando SKU 9993...
2026-02-24 14:51:48,518 - INFO - \u274c Error en SKU 9993: PyAutoGUI fail-safe triggered from mouse moving to a corner of the screen. To disable this fail-safe, set pyautogui.FAILSAFE to False. DISABLING FAIL-SAFE IS NOT RECOMMENDED.
2026-02-24 14:51:48,545 - INFO - \U0001f504 Procesando SKU 22431...
2026-02-24 14:51:48,556 - INFO - \u274c Error en SKU 22431: PyAutoGUI fail-safe triggered from mouse moving to a corner of the screen. To disable this fail-safe, set pyautogui.FAILSAFE to False. DISABLING FAIL-SAFE IS NOT RECOMMENDED.
2026-02-24 14:51:48,580 - INFO - \U0001f9f9 Proceso terminado.
2026-02-24 14:51:48,587 - INFO - \u274c Error crítico: PyAutoGUI fail-safe triggered from mouse moving to a corner of the screen. To disable this fail-safe, set pyautogui.FAILSAFE to False. DISABLING FAIL-SAFE IS NOT RECOMMENDED.
2026-02-24 14:52:15,710 - INFO - Módulo PRECIOS seleccionado.
2026-02-24 14:52:24,465 - INFO - Ejecutando PRECIOS...
2026-02-24 14:52:24,502 - INFO - \U0001f50d Analizando Excel y comparando con listado de hijos...
2026-02-24 14:52:24,538 - INFO - \U0001f680 Iniciando carga masiva...
2026-02-24 14:52:26,964 - INFO - \u274c Error en SKU 22431: 4
2026-02-24 14:52:26,984 - INFO - \u274c Error en SKU 9995: 4
2026-02-24 14:52:27,001 - INFO - \u274c Error en SKU 9994: 4
2026-02-24 14:52:27,018 - INFO - \u274c Error en SKU 9993: 4
2026-02-24 14:52:27,037 - INFO - \u274c Error en SKU 22431: 4
2026-02-24 14:52:27,088 - INFO - \U0001f9f9 Proceso terminado. Regresando al menú principal...
2026-02-24 14:52:32,671 - INFO - \u2705 Archivo movido a: c:\Users\HP\Desktop\Suite\procesados\precios\prueba re precios madre.xlsx
2026-02-24 14:58:25,638 - INFO - \u274c Error crítico: [Errno 2] No such file or directory: 'C:/Users/HP/Desktop/Suite/input/prueba re precios madre.xlsx'
2026-02-24 14:59:20,766 - INFO - Módulo PRECIOS seleccionado.
2026-02-24 14:59:25,671 - INFO - Ejecutando PRECIOS...
2026-02-24 14:59:25,673 - INFO - \U0001f50d Analizando Excel y comparando con listado de hijos...
2026-02-24 14:59:25,686 - INFO - \U0001f680 Iniciando carga masiva...
2026-02-24 14:59:28,142 - INFO - \u274c Error en SKU 22431: 4
2026-02-24 14:59:28,161 - INFO - \u274c Error en SKU 9995: 4
2026-02-24 14:59:28,177 - INFO - \u274c Error en SKU 9994: 4
2026-02-24 14:59:28,194 - INFO - \u274c Error en SKU 9993: 4
2026-02-24 14:59:28,210 - INFO - \u274c Error en SKU 22431: 4
2026-02-24 14:59:28,228 - INFO - \U0001f9f9 Proceso terminado. Regresando al menú principal...
2026-02-24 14:59:37,697 - INFO - \u2705 Archivo movido a: c:\Users\HP\Desktop\Suite\procesados\precios\prueba re precios madre.xlsx
2026-02-24 15:00:44,585 - INFO - \u274c Error crítico: [Errno 2] No such file or directory: 'C:/Users/HP/Desktop/Suite/Excel_Entrada/prueba re precios madre.xlsx'
2026-02-24 15:01:20,416 - INFO - Ejecutando PRECIOS...
2026-02-24 15:01:20,419 - INFO - \U0001f50d Analizando Excel y comparando con listado de hijos...
2026-02-24 15:01:20,424 - INFO - \U0001f680 Iniciando carga masiva...
2026-02-24 15:01:22,881 - INFO - \u274c Error en SKU 22431: 4
2026-02-24 15:01:22,900 - INFO - \u274c Error en SKU 9995: 4
2026-02-24 15:01:22,917 - INFO - \u274c Error en SKU 9994: 4
2026-02-24 15:01:22,934 - INFO - \u274c Error en SKU 9993: 4
2026-02-24 15:01:22,956 - INFO - \u274c Error en SKU 22431: 4
2026-02-24 15:01:23,046 - INFO - \U0001f9f9 Proceso terminado. Regresando al menú principal...
2026-02-24 15:01:24,496 - INFO - \u274c Error crítico: PyAutoGUI fail-safe triggered from mouse moving to a corner of the screen. To disable this fail-safe, set pyautogui.FAILSAFE to False. DISABLING FAIL-SAFE IS NOT RECOMMENDED.
2026-02-24 15:02:44,003 - INFO - Módulo PRECIOS seleccionado.
2026-02-24 15:02:54,292 - INFO - Ejecutando PRECIOS...
2026-02-24 15:02:54,328 - INFO - \U0001f4b0 Iniciando Módulo de Precios (Base de 3131 hijos)
2026-02-24 15:02:56,769 - INFO - \U0001f504 SKU 22431 (HIJO)...
2026-02-24 15:03:01,199 - INFO - \U0001f504 SKU 9995 (NORMAL)...
2026-02-24 15:03:05,598 - INFO - \U0001f504 SKU 9994 (NORMAL)...
2026-02-24 15:03:09,997 - INFO - \U0001f504 SKU 9993 (NORMAL)...
2026-02-24 15:03:14,386 - INFO - \U0001f504 SKU 22431 (HIJO)...
2026-02-24 15:03:18,848 - INFO - \U0001f9f9 Limpiando y regresando al menú principal...
2026-02-24 15:03:21,574 - INFO - \u2705 Cambio de precios finalizado con éxito.
2026-02-24 15:03:27,809 - INFO - \u2705 Archivo movido a: c:\Users\HP\Desktop\Suite\procesados\precios\prueba re precios madre.xlsx
2026-02-24 15:05:54,443 - INFO - Ejecutando PRECIOS...
2026-02-24 15:05:54,461 - INFO - \U0001f4b0 Iniciando Módulo de Precios (Base de 3131 hijos)
2026-02-24 15:05:56,880 - INFO - \U0001f504 SKU 22431 (HIJO)...
2026-02-24 15:06:01,310 - INFO - \U0001f504 SKU 9995 (NORMAL)...
2026-02-24 15:06:06,289 - INFO - \U0001f504 SKU 9994 (NORMAL)...
2026-02-24 15:06:10,680 - INFO - \U0001f504 SKU 9993 (NORMAL)...
2026-02-24 15:06:15,663 - INFO - \U0001f504 SKU 22431 (HIJO)...
2026-02-24 15:06:20,088 - INFO - \U0001f9f9 Limpiando y regresando al menú principal...
2026-02-24 15:06:22,802 - INFO - \u2705 Cambio de precios finalizado con éxito.
2026-02-24 15:06:24,701 - INFO - \u2705 Archivo movido a: c:\Users\HP\Desktop\Suite\procesados\precios\prueba re precios madre.xlsx
2026-02-24 15:09:25,521 - INFO - Ejecutando PRECIOS...
2026-02-24 15:09:25,527 - INFO - \U0001f4b0 Iniciando Módulo de Precios (Base de 3131 hijos)
2026-02-24 15:09:27,660 - INFO - \U0001f504 SKU 22431 (HIJO)...
2026-02-24 15:09:31,243 - INFO - \U0001f504 SKU 9995 (NORMAL)...
2026-02-24 15:09:35,185 - INFO - \U0001f504 SKU 9994 (NORMAL)...
2026-02-24 15:09:38,736 - INFO - \U0001f504 SKU 9993 (NORMAL)...
2026-02-24 15:09:42,685 - INFO - \U0001f504 SKU 22431 (HIJO)...
2026-02-24 15:09:46,260 - INFO - \U0001f9f9 Limpiando y regresando al menú principal...
2026-02-24 15:09:48,691 - INFO - \u2705 Cambio de precios finalizado con éxito.
2026-02-24 15:09:49,639 - INFO - \u2705 Archivo movido a: c:\Users\HP\Desktop\Suite\procesados\precios\prueba re precios madre.xlsx
